TN:
SF:/Users/jimmybyrd/Documents/GitHub/FSharp.Control.Websockets/src/FSharp.Control.Websockets/FSharp.Control.Websockets.fs
FN:8,Microsoft.FSharp.Control.FSharpAsync`1<Microsoft.FSharp.Core.Unit> FSharp.Control.Websockets.Async::AwaitTaskWithCancellation(Microsoft.FSharp.Core.FSharpFunc`2<System.Threading.CancellationToken,System.Threading.Tasks.Task>)
FN:13,Microsoft.FSharp.Control.FSharpAsync`1<a> FSharp.Control.Websockets.Async::AwaitTaskWithCancellation(Microsoft.FSharp.Core.FSharpFunc`2<System.Threading.CancellationToken,System.Threading.Tasks.Task`1<a>>)
FN:173,Microsoft.FSharp.Control.FSharpAsync`1<Microsoft.FSharp.Core.Unit> FSharp.Control.Websockets.ThreadSafeWebSocket::loop@173(System.Net.WebSockets.WebSocket,Microsoft.FSharp.Control.FSharpMailboxProcessor`1<FSharp.Control.Websockets.ThreadSafeWebSocket/SendMessages>,Microsoft.FSharp.Core.Unit)
FN:188,Microsoft.FSharp.Control.FSharpAsync`1<Microsoft.FSharp.Core.Unit> FSharp.Control.Websockets.ThreadSafeWebSocket::loop@188-18(System.Net.WebSockets.WebSocket,Microsoft.FSharp.Control.FSharpMailboxProcessor`1<System.Tuple`4<System.Int32,System.Net.WebSockets.WebSocketMessageType,System.IO.Stream,Microsoft.FSharp.Control.FSharpAsyncReplyChannel`1<Microsoft.FSharp.Core.FSharpResult`2<FSharp.Control.Websockets.WebSocket/ReceiveStreamResult,System.Runtime.ExceptionServices.ExceptionDispatchInfo>>>>,Microsoft.FSharp.Core.Unit)
FN:197,FSharp.Control.Websockets.ThreadSafeWebSocket/ThreadSafeWebSocket FSharp.Control.Websockets.ThreadSafeWebSocket::createFromWebSocket(System.Net.WebSockets.WebSocket)
FN:204,Microsoft.FSharp.Control.FSharpAsync`1<Microsoft.FSharp.Core.FSharpResult`2<Microsoft.FSharp.Core.Unit,System.Runtime.ExceptionServices.ExceptionDispatchInfo>> FSharp.Control.Websockets.ThreadSafeWebSocket::sendMessage(FSharp.Control.Websockets.ThreadSafeWebSocket/ThreadSafeWebSocket,System.Int32,System.Net.WebSockets.WebSocketMessageType,System.IO.Stream)
FN:206,Microsoft.FSharp.Control.FSharpAsync`1<Microsoft.FSharp.Core.FSharpResult`2<Microsoft.FSharp.Core.Unit,System.Runtime.ExceptionServices.ExceptionDispatchInfo>> FSharp.Control.Websockets.ThreadSafeWebSocket::sendMessageAsUTF8(FSharp.Control.Websockets.ThreadSafeWebSocket/ThreadSafeWebSocket,System.String)
FN:212,Microsoft.FSharp.Control.FSharpAsync`1<Microsoft.FSharp.Core.FSharpResult`2<FSharp.Control.Websockets.WebSocket/ReceiveStreamResult,System.Runtime.ExceptionServices.ExceptionDispatchInfo>> FSharp.Control.Websockets.ThreadSafeWebSocket::receiveMessage(FSharp.Control.Websockets.ThreadSafeWebSocket/ThreadSafeWebSocket,System.Int32,System.Net.WebSockets.WebSocketMessageType,System.IO.Stream)
FN:214,Microsoft.FSharp.Control.FSharpAsync`1<Microsoft.FSharp.Core.FSharpResult`2<FSharp.Control.Websockets.WebSocket/ReceiveUTF8Result,System.Runtime.ExceptionServices.ExceptionDispatchInfo>> FSharp.Control.Websockets.ThreadSafeWebSocket::receiveMessageAsUTF8(FSharp.Control.Websockets.ThreadSafeWebSocket/ThreadSafeWebSocket)
FN:226,Microsoft.FSharp.Control.FSharpAsync`1<Microsoft.FSharp.Core.FSharpResult`2<Microsoft.FSharp.Core.Unit,System.Runtime.ExceptionServices.ExceptionDispatchInfo>> FSharp.Control.Websockets.ThreadSafeWebSocket::close(FSharp.Control.Websockets.ThreadSafeWebSocket/ThreadSafeWebSocket,System.Net.WebSockets.WebSocketCloseStatus,System.String)
FN:229,Microsoft.FSharp.Control.FSharpAsync`1<Microsoft.FSharp.Core.FSharpResult`2<Microsoft.FSharp.Core.Unit,System.Runtime.ExceptionServices.ExceptionDispatchInfo>> FSharp.Control.Websockets.ThreadSafeWebSocket::closeOutput(FSharp.Control.Websockets.ThreadSafeWebSocket/ThreadSafeWebSocket,System.Net.WebSockets.WebSocketCloseStatus,System.String)
FN:154,System.Net.WebSockets.WebSocketState FSharp.Control.Websockets.ThreadSafeWebSocket/ThreadSafeWebSocket::get_State()
FN:156,Microsoft.FSharp.Core.FSharpOption`1<System.Net.WebSockets.WebSocketCloseStatus> FSharp.Control.Websockets.ThreadSafeWebSocket/ThreadSafeWebSocket::get_CloseStatus()
FN:158,System.String FSharp.Control.Websockets.ThreadSafeWebSocket/ThreadSafeWebSocket::get_CloseStatusDescription()
FN:152,System.Void FSharp.Control.Websockets.ThreadSafeWebSocket/ThreadSafeWebSocket::System-IDisposable-Dispose()
FN:178,Microsoft.FSharp.Control.FSharpAsync`1<Microsoft.FSharp.Core.Unit> FSharp.Control.Websockets.ThreadSafeWebSocket/loop@178-5::Invoke(Microsoft.FSharp.Core.Unit)
FN:178,Microsoft.FSharp.Control.FSharpAsync`1<Microsoft.FSharp.Core.Unit> FSharp.Control.Websockets.ThreadSafeWebSocket/loop@178-4::Invoke(Microsoft.FSharp.Core.Unit)
FN:178,Microsoft.FSharp.Control.FSharpAsync`1<Microsoft.FSharp.Core.Unit> FSharp.Control.Websockets.ThreadSafeWebSocket/loop@178-6::Invoke(System.Exception)
FN:178,Microsoft.FSharp.Control.FSharpAsync`1<Microsoft.FSharp.Core.Unit> FSharp.Control.Websockets.ThreadSafeWebSocket/loop@178-3::Invoke(Microsoft.FSharp.Core.Unit)
FN:179,Microsoft.FSharp.Control.FSharpAsync`1<Microsoft.FSharp.Core.Unit> FSharp.Control.Websockets.ThreadSafeWebSocket/loop@179-7::Invoke(Microsoft.FSharp.Core.Unit)
FN:181,Microsoft.FSharp.Control.FSharpAsync`1<Microsoft.FSharp.Core.Unit> FSharp.Control.Websockets.ThreadSafeWebSocket/loop@181-10::Invoke(Microsoft.FSharp.Core.Unit)
FN:181,Microsoft.FSharp.Control.FSharpAsync`1<Microsoft.FSharp.Core.Unit> FSharp.Control.Websockets.ThreadSafeWebSocket/loop@181-9::Invoke(Microsoft.FSharp.Core.Unit)
FN:181,Microsoft.FSharp.Control.FSharpAsync`1<Microsoft.FSharp.Core.Unit> FSharp.Control.Websockets.ThreadSafeWebSocket/loop@181-11::Invoke(System.Exception)
FN:181,Microsoft.FSharp.Control.FSharpAsync`1<Microsoft.FSharp.Core.Unit> FSharp.Control.Websockets.ThreadSafeWebSocket/loop@181-8::Invoke(Microsoft.FSharp.Core.Unit)
FN:181,Microsoft.FSharp.Control.FSharpAsync`1<Microsoft.FSharp.Core.Unit> FSharp.Control.Websockets.ThreadSafeWebSocket/loop@181-12::Invoke(Microsoft.FSharp.Core.Unit)
FN:183,Microsoft.FSharp.Control.FSharpAsync`1<Microsoft.FSharp.Core.Unit> FSharp.Control.Websockets.ThreadSafeWebSocket/loop@183-15::Invoke(Microsoft.FSharp.Core.Unit)
FN:183,Microsoft.FSharp.Control.FSharpAsync`1<Microsoft.FSharp.Core.Unit> FSharp.Control.Websockets.ThreadSafeWebSocket/loop@183-14::Invoke(Microsoft.FSharp.Core.Unit)
FN:183,Microsoft.FSharp.Control.FSharpAsync`1<Microsoft.FSharp.Core.Unit> FSharp.Control.Websockets.ThreadSafeWebSocket/loop@183-16::Invoke(System.Exception)
FN:183,Microsoft.FSharp.Control.FSharpAsync`1<Microsoft.FSharp.Core.Unit> FSharp.Control.Websockets.ThreadSafeWebSocket/loop@183-13::Invoke(Microsoft.FSharp.Core.Unit)
FN:183,Microsoft.FSharp.Control.FSharpAsync`1<Microsoft.FSharp.Core.Unit> FSharp.Control.Websockets.ThreadSafeWebSocket/loop@183-17::Invoke(Microsoft.FSharp.Core.Unit)
FN:175,Microsoft.FSharp.Control.FSharpAsync`1<Microsoft.FSharp.Core.Unit> FSharp.Control.Websockets.ThreadSafeWebSocket/loop@175-2::Invoke(FSharp.Control.Websockets.ThreadSafeWebSocket/SendMessages)
FN:174,Microsoft.FSharp.Control.FSharpAsync`1<Microsoft.FSharp.Core.Unit> FSharp.Control.Websockets.ThreadSafeWebSocket/loop@174-1::Invoke(Microsoft.FSharp.Core.Unit)
FN:185,Microsoft.FSharp.Control.FSharpAsync`1<Microsoft.FSharp.Core.Unit> FSharp.Control.Websockets.ThreadSafeWebSocket/createFromWebSocket@172::Invoke(Microsoft.FSharp.Control.FSharpMailboxProcessor`1<FSharp.Control.Websockets.ThreadSafeWebSocket/SendMessages>)
FN:193,Microsoft.FSharp.Control.FSharpAsync`1<Microsoft.FSharp.Core.Unit> FSharp.Control.Websockets.ThreadSafeWebSocket/loop@193-22::Invoke(Microsoft.FSharp.Core.Unit)
FN:192,Microsoft.FSharp.Control.FSharpAsync`1<Microsoft.FSharp.Core.Unit> FSharp.Control.Websockets.ThreadSafeWebSocket/loop@192-21::Invoke(FSharp.Control.Websockets.WebSocket/ReceiveStreamResult)
FN:190,Microsoft.FSharp.Control.FSharpAsync`1<Microsoft.FSharp.Core.Unit> FSharp.Control.Websockets.ThreadSafeWebSocket/loop@190-20::Invoke(System.Tuple`4<System.Int32,System.Net.WebSockets.WebSocketMessageType,System.IO.Stream,Microsoft.FSharp.Control.FSharpAsyncReplyChannel`1<Microsoft.FSharp.Core.FSharpResult`2<FSharp.Control.Websockets.WebSocket/ReceiveStreamResult,System.Runtime.ExceptionServices.ExceptionDispatchInfo>>>)
FN:189,Microsoft.FSharp.Control.FSharpAsync`1<Microsoft.FSharp.Core.Unit> FSharp.Control.Websockets.ThreadSafeWebSocket/loop@189-19::Invoke(Microsoft.FSharp.Core.Unit)
FN:195,Microsoft.FSharp.Control.FSharpAsync`1<Microsoft.FSharp.Core.Unit> FSharp.Control.Websockets.ThreadSafeWebSocket/createFromWebSocket@187-1::Invoke(Microsoft.FSharp.Control.FSharpMailboxProcessor`1<System.Tuple`4<System.Int32,System.Net.WebSockets.WebSocketMessageType,System.IO.Stream,Microsoft.FSharp.Control.FSharpAsyncReplyChannel`1<Microsoft.FSharp.Core.FSharpResult`2<FSharp.Control.Websockets.WebSocket/ReceiveStreamResult,System.Runtime.ExceptionServices.ExceptionDispatchInfo>>>>)
FN:204,FSharp.Control.Websockets.ThreadSafeWebSocket/SendMessages FSharp.Control.Websockets.ThreadSafeWebSocket/sendMessage@204-2::Invoke(Microsoft.FSharp.Control.FSharpAsyncReplyChannel`1<Microsoft.FSharp.Core.FSharpResult`2<Microsoft.FSharp.Core.Unit,System.Runtime.ExceptionServices.ExceptionDispatchInfo>>)
FN:208,Microsoft.FSharp.Control.FSharpAsync`1<Microsoft.FSharp.Core.FSharpResult`2<Microsoft.FSharp.Core.Unit,System.Runtime.ExceptionServices.ExceptionDispatchInfo>> FSharp.Control.Websockets.ThreadSafeWebSocket/sendMessageAsUTF8@208-4::Invoke(System.IO.MemoryStream)
FN:207,Microsoft.FSharp.Control.FSharpAsync`1<Microsoft.FSharp.Core.FSharpResult`2<Microsoft.FSharp.Core.Unit,System.Runtime.ExceptionServices.ExceptionDispatchInfo>> FSharp.Control.Websockets.ThreadSafeWebSocket/sendMessageAsUTF8@207-3::Invoke(Microsoft.FSharp.Core.Unit)
FN:212,System.Tuple`4<System.Int32,System.Net.WebSockets.WebSocketMessageType,System.IO.Stream,Microsoft.FSharp.Control.FSharpAsyncReplyChannel`1<Microsoft.FSharp.Core.FSharpResult`2<FSharp.Control.Websockets.WebSocket/ReceiveStreamResult,System.Runtime.ExceptionServices.ExceptionDispatchInfo>>> FSharp.Control.Websockets.ThreadSafeWebSocket/receiveMessage@212-1::Invoke(Microsoft.FSharp.Control.FSharpAsyncReplyChannel`1<Microsoft.FSharp.Core.FSharpResult`2<FSharp.Control.Websockets.WebSocket/ReceiveStreamResult,System.Runtime.ExceptionServices.ExceptionDispatchInfo>>)
FN:221,Microsoft.FSharp.Control.FSharpAsync`1<Microsoft.FSharp.Core.FSharpResult`2<FSharp.Control.Websockets.WebSocket/ReceiveUTF8Result,System.Runtime.ExceptionServices.ExceptionDispatchInfo>> FSharp.Control.Websockets.ThreadSafeWebSocket/receiveMessageAsUTF8@217-5::Invoke(Microsoft.FSharp.Core.FSharpResult`2<FSharp.Control.Websockets.WebSocket/ReceiveStreamResult,System.Runtime.ExceptionServices.ExceptionDispatchInfo>)
FN:216,Microsoft.FSharp.Control.FSharpAsync`1<Microsoft.FSharp.Core.FSharpResult`2<FSharp.Control.Websockets.WebSocket/ReceiveUTF8Result,System.Runtime.ExceptionServices.ExceptionDispatchInfo>> FSharp.Control.Websockets.ThreadSafeWebSocket/receiveMessageAsUTF8@216-4::Invoke(System.IO.MemoryStream)
FN:215,Microsoft.FSharp.Control.FSharpAsync`1<Microsoft.FSharp.Core.FSharpResult`2<FSharp.Control.Websockets.WebSocket/ReceiveUTF8Result,System.Runtime.ExceptionServices.ExceptionDispatchInfo>> FSharp.Control.Websockets.ThreadSafeWebSocket/receiveMessageAsUTF8@215-3::Invoke(Microsoft.FSharp.Core.Unit)
FN:226,FSharp.Control.Websockets.ThreadSafeWebSocket/SendMessages FSharp.Control.Websockets.ThreadSafeWebSocket/close@226::Invoke(Microsoft.FSharp.Control.FSharpAsyncReplyChannel`1<Microsoft.FSharp.Core.FSharpResult`2<Microsoft.FSharp.Core.Unit,System.Runtime.ExceptionServices.ExceptionDispatchInfo>>)
FN:229,FSharp.Control.Websockets.ThreadSafeWebSocket/SendMessages FSharp.Control.Websockets.ThreadSafeWebSocket/closeOutput@229::Invoke(Microsoft.FSharp.Control.FSharpAsyncReplyChannel`1<Microsoft.FSharp.Core.FSharpResult`2<Microsoft.FSharp.Core.Unit,System.Runtime.ExceptionServices.ExceptionDispatchInfo>>)
FN:47,Microsoft.FSharp.Control.FSharpAsync`1<System.Net.WebSockets.WebSocketReceiveResult> FSharp.Control.Websockets.WebSocket::asyncReceive(System.ArraySegment`1<System.Byte>,a)
FN:51,Microsoft.FSharp.Control.FSharpAsync`1<Microsoft.FSharp.Core.Unit> FSharp.Control.Websockets.WebSocket::asyncSend(System.ArraySegment`1<System.Byte>,System.Net.WebSockets.WebSocketMessageType,System.Boolean,a)
FN:55,Microsoft.FSharp.Control.FSharpAsync`1<Microsoft.FSharp.Core.Unit> FSharp.Control.Websockets.WebSocket::asyncClose(System.Net.WebSockets.WebSocketCloseStatus,System.String,a)
FN:59,Microsoft.FSharp.Control.FSharpAsync`1<Microsoft.FSharp.Core.Unit> FSharp.Control.Websockets.WebSocket::asyncCloseOutput(System.Net.WebSockets.WebSocketCloseStatus,System.String,a)
FN:63,System.Boolean FSharp.Control.Websockets.WebSocket::isWebsocketOpen(a)
FN:69,Microsoft.FSharp.Control.FSharpAsync`1<Microsoft.FSharp.Core.Unit> FSharp.Control.Websockets.WebSocket::sendMessage'@69(System.Net.WebSockets.WebSocketMessageType,a,b,System.Byte[],Microsoft.FSharp.Core.Unit)
FN:66,Microsoft.FSharp.Control.FSharpAsync`1<Microsoft.FSharp.Core.Unit> FSharp.Control.Websockets.WebSocket::sendMessage(System.Int32,System.Net.WebSockets.WebSocketMessageType,a,b)
FN:82,Microsoft.FSharp.Control.FSharpAsync`1<Microsoft.FSharp.Core.Unit> FSharp.Control.Websockets.WebSocket::sendMessageAsUTF8(System.String,System.Net.WebSockets.WebSocket)
FN:96,Microsoft.FSharp.Control.FSharpAsync`1<FSharp.Control.Websockets.WebSocket/ReceiveStreamResult> FSharp.Control.Websockets.WebSocket::readTillEnd'@96(System.Net.WebSockets.WebSocketMessageType,System.IO.Stream,System.Net.WebSockets.WebSocket,System.ArraySegment`1<System.Byte>,Microsoft.FSharp.Core.Unit)
FN:93,Microsoft.FSharp.Control.FSharpAsync`1<FSharp.Control.Websockets.WebSocket/ReceiveStreamResult> FSharp.Control.Websockets.WebSocket::receiveMessage(System.Int32,System.Net.WebSockets.WebSocketMessageType,System.IO.Stream,System.Net.WebSockets.WebSocket)
FN:119,Microsoft.FSharp.Control.FSharpAsync`1<FSharp.Control.Websockets.WebSocket/ReceiveUTF8Result> FSharp.Control.Websockets.WebSocket::receiveMessageAsUTF8(System.Net.WebSockets.WebSocket)
FN:47,System.Threading.Tasks.Task`1<System.Net.WebSockets.WebSocketReceiveResult> FSharp.Control.Websockets.WebSocket/asyncReceive@47::Invoke(System.Threading.CancellationToken)
FN:51,System.Threading.Tasks.Task FSharp.Control.Websockets.WebSocket/asyncSend@51::Invoke(System.Threading.CancellationToken)
FN:55,System.Threading.Tasks.Task FSharp.Control.Websockets.WebSocket/asyncClose@55::Invoke(System.Threading.CancellationToken)
FN:59,System.Threading.Tasks.Task FSharp.Control.Websockets.WebSocket/asyncCloseOutput@59::Invoke(System.Threading.CancellationToken)
FN:75,Microsoft.FSharp.Control.FSharpAsync`1<Microsoft.FSharp.Core.Unit> FSharp.Control.Websockets.WebSocket/sendMessage'@75-3::Invoke(Microsoft.FSharp.Core.Unit)
FN:77,Microsoft.FSharp.Control.FSharpAsync`1<Microsoft.FSharp.Core.Unit> FSharp.Control.Websockets.WebSocket/sendMessage'@77-4::Invoke(Microsoft.FSharp.Core.Unit)
FN:73,Microsoft.FSharp.Control.FSharpAsync`1<Microsoft.FSharp.Core.Unit> FSharp.Control.Websockets.WebSocket/sendMessage'@73-2::Invoke(System.Int32)
FN:70,Microsoft.FSharp.Control.FSharpAsync`1<Microsoft.FSharp.Core.Unit> FSharp.Control.Websockets.WebSocket/sendMessage'@70-1::Invoke(Microsoft.FSharp.Core.Unit)
FN:79,Microsoft.FSharp.Control.FSharpAsync`1<Microsoft.FSharp.Core.Unit> FSharp.Control.Websockets.WebSocket/sendMessage@79-1::Invoke(Microsoft.FSharp.Core.Unit)
FN:67,Microsoft.FSharp.Control.FSharpAsync`1<Microsoft.FSharp.Core.Unit> FSharp.Control.Websockets.WebSocket/sendMessage@67::Invoke(Microsoft.FSharp.Core.Unit)
FN:84,Microsoft.FSharp.Control.FSharpAsync`1<Microsoft.FSharp.Core.Unit> FSharp.Control.Websockets.WebSocket/sendMessageAsUTF8@84-2::Invoke(Microsoft.FSharp.Core.Unit)
FN:84,Microsoft.FSharp.Control.FSharpAsync`1<Microsoft.FSharp.Core.Unit> FSharp.Control.Websockets.WebSocket/sendMessageAsUTF8@84-1::Invoke(System.IO.MemoryStream)
FN:83,Microsoft.FSharp.Control.FSharpAsync`1<Microsoft.FSharp.Core.Unit> FSharp.Control.Websockets.WebSocket/sendMessageAsUTF8@83::Invoke(Microsoft.FSharp.Core.Unit)
FN:102,Microsoft.FSharp.Control.FSharpAsync`1<FSharp.Control.Websockets.WebSocket/ReceiveStreamResult> FSharp.Control.Websockets.WebSocket/readTillEnd'@102-3::Invoke(Microsoft.FSharp.Core.Unit)
FN:107,Microsoft.FSharp.Control.FSharpAsync`1<FSharp.Control.Websockets.WebSocket/ReceiveStreamResult> FSharp.Control.Websockets.WebSocket/readTillEnd'@107-5::Invoke(Microsoft.FSharp.Core.Unit)
FN:106,Microsoft.FSharp.Control.FSharpAsync`1<FSharp.Control.Websockets.WebSocket/ReceiveStreamResult> FSharp.Control.Websockets.WebSocket/readTillEnd'@106-4::Invoke(Microsoft.FSharp.Core.Unit)
FN:101,Microsoft.FSharp.Control.FSharpAsync`1<FSharp.Control.Websockets.WebSocket/ReceiveStreamResult> FSharp.Control.Websockets.WebSocket/readTillEnd'@98-2::Invoke(System.Net.WebSockets.WebSocketReceiveResult)
FN:97,Microsoft.FSharp.Control.FSharpAsync`1<FSharp.Control.Websockets.WebSocket/ReceiveStreamResult> FSharp.Control.Websockets.WebSocket/readTillEnd'@97-1::Invoke(Microsoft.FSharp.Core.Unit)
FN:94,Microsoft.FSharp.Control.FSharpAsync`1<FSharp.Control.Websockets.WebSocket/ReceiveStreamResult> FSharp.Control.Websockets.WebSocket/receiveMessage@94::Invoke(Microsoft.FSharp.Core.Unit)
FN:126,Microsoft.FSharp.Control.FSharpAsync`1<FSharp.Control.Websockets.WebSocket/ReceiveUTF8Result> FSharp.Control.Websockets.WebSocket/receiveMessageAsUTF8@122-2::Invoke(FSharp.Control.Websockets.WebSocket/ReceiveStreamResult)
FN:121,Microsoft.FSharp.Control.FSharpAsync`1<FSharp.Control.Websockets.WebSocket/ReceiveUTF8Result> FSharp.Control.Websockets.WebSocket/receiveMessageAsUTF8@121-1::Invoke(System.IO.MemoryStream)
FN:120,Microsoft.FSharp.Control.FSharpAsync`1<FSharp.Control.Websockets.WebSocket/ReceiveUTF8Result> FSharp.Control.Websockets.WebSocket/receiveMessageAsUTF8@120::Invoke(Microsoft.FSharp.Core.Unit)
FN:22,System.IO.MemoryStream FSharp.Control.Websockets.Stream::MemoryStream.UTF8toMemoryStream.Static(System.String)
FN:25,System.String FSharp.Control.Websockets.Stream::MemoryStream.ToUTF8String.Static(System.IO.MemoryStream)
FN:31,System.String FSharp.Control.Websockets.Stream::MemoryStream.ToUTF8String(System.IO.MemoryStream)
FN:10,Microsoft.FSharp.Control.FSharpAsync`1<Microsoft.FSharp.Core.Unit> <StartupCode$FSharp-Control-Websockets>.$FSharp.Control.Websockets/AwaitTaskWithCancellation@10-1::Invoke(System.Threading.CancellationToken)
FN:9,Microsoft.FSharp.Control.FSharpAsync`1<Microsoft.FSharp.Core.Unit> <StartupCode$FSharp-Control-Websockets>.$FSharp.Control.Websockets/AwaitTaskWithCancellation@9::Invoke(Microsoft.FSharp.Core.Unit)
FN:15,Microsoft.FSharp.Control.FSharpAsync`1<a> <StartupCode$FSharp-Control-Websockets>.$FSharp.Control.Websockets/AwaitTaskWithCancellation@15-3::Invoke(System.Threading.CancellationToken)
FN:14,Microsoft.FSharp.Control.FSharpAsync`1<a> <StartupCode$FSharp-Control-Websockets>.$FSharp.Control.Websockets/AwaitTaskWithCancellation@14-2::Invoke(Microsoft.FSharp.Core.Unit)
FNDA:12,Microsoft.FSharp.Control.FSharpAsync`1<Microsoft.FSharp.Core.Unit> FSharp.Control.Websockets.Async::AwaitTaskWithCancellation(Microsoft.FSharp.Core.FSharpFunc`2<System.Threading.CancellationToken,System.Threading.Tasks.Task>)
FNDA:10,Microsoft.FSharp.Control.FSharpAsync`1<a> FSharp.Control.Websockets.Async::AwaitTaskWithCancellation(Microsoft.FSharp.Core.FSharpFunc`2<System.Threading.CancellationToken,System.Threading.Tasks.Task`1<a>>)
FNDA:4,Microsoft.FSharp.Control.FSharpAsync`1<Microsoft.FSharp.Core.Unit> FSharp.Control.Websockets.ThreadSafeWebSocket::loop@173(System.Net.WebSockets.WebSocket,Microsoft.FSharp.Control.FSharpMailboxProcessor`1<FSharp.Control.Websockets.ThreadSafeWebSocket/SendMessages>,Microsoft.FSharp.Core.Unit)
FNDA:4,Microsoft.FSharp.Control.FSharpAsync`1<Microsoft.FSharp.Core.Unit> FSharp.Control.Websockets.ThreadSafeWebSocket::loop@188-18(System.Net.WebSockets.WebSocket,Microsoft.FSharp.Control.FSharpMailboxProcessor`1<System.Tuple`4<System.Int32,System.Net.WebSockets.WebSocketMessageType,System.IO.Stream,Microsoft.FSharp.Control.FSharpAsyncReplyChannel`1<Microsoft.FSharp.Core.FSharpResult`2<FSharp.Control.Websockets.WebSocket/ReceiveStreamResult,System.Runtime.ExceptionServices.ExceptionDispatchInfo>>>>,Microsoft.FSharp.Core.Unit)
FNDA:2,FSharp.Control.Websockets.ThreadSafeWebSocket/ThreadSafeWebSocket FSharp.Control.Websockets.ThreadSafeWebSocket::createFromWebSocket(System.Net.WebSockets.WebSocket)
FNDA:2,Microsoft.FSharp.Control.FSharpAsync`1<Microsoft.FSharp.Core.FSharpResult`2<Microsoft.FSharp.Core.Unit,System.Runtime.ExceptionServices.ExceptionDispatchInfo>> FSharp.Control.Websockets.ThreadSafeWebSocket::sendMessage(FSharp.Control.Websockets.ThreadSafeWebSocket/ThreadSafeWebSocket,System.Int32,System.Net.WebSockets.WebSocketMessageType,System.IO.Stream)
FNDA:2,Microsoft.FSharp.Control.FSharpAsync`1<Microsoft.FSharp.Core.FSharpResult`2<Microsoft.FSharp.Core.Unit,System.Runtime.ExceptionServices.ExceptionDispatchInfo>> FSharp.Control.Websockets.ThreadSafeWebSocket::sendMessageAsUTF8(FSharp.Control.Websockets.ThreadSafeWebSocket/ThreadSafeWebSocket,System.String)
FNDA:2,Microsoft.FSharp.Control.FSharpAsync`1<Microsoft.FSharp.Core.FSharpResult`2<FSharp.Control.Websockets.WebSocket/ReceiveStreamResult,System.Runtime.ExceptionServices.ExceptionDispatchInfo>> FSharp.Control.Websockets.ThreadSafeWebSocket::receiveMessage(FSharp.Control.Websockets.ThreadSafeWebSocket/ThreadSafeWebSocket,System.Int32,System.Net.WebSockets.WebSocketMessageType,System.IO.Stream)
FNDA:2,Microsoft.FSharp.Control.FSharpAsync`1<Microsoft.FSharp.Core.FSharpResult`2<FSharp.Control.Websockets.WebSocket/ReceiveUTF8Result,System.Runtime.ExceptionServices.ExceptionDispatchInfo>> FSharp.Control.Websockets.ThreadSafeWebSocket::receiveMessageAsUTF8(FSharp.Control.Websockets.ThreadSafeWebSocket/ThreadSafeWebSocket)
FNDA:1,Microsoft.FSharp.Control.FSharpAsync`1<Microsoft.FSharp.Core.FSharpResult`2<Microsoft.FSharp.Core.Unit,System.Runtime.ExceptionServices.ExceptionDispatchInfo>> FSharp.Control.Websockets.ThreadSafeWebSocket::close(FSharp.Control.Websockets.ThreadSafeWebSocket/ThreadSafeWebSocket,System.Net.WebSockets.WebSocketCloseStatus,System.String)
FNDA:1,Microsoft.FSharp.Control.FSharpAsync`1<Microsoft.FSharp.Core.FSharpResult`2<Microsoft.FSharp.Core.Unit,System.Runtime.ExceptionServices.ExceptionDispatchInfo>> FSharp.Control.Websockets.ThreadSafeWebSocket::closeOutput(FSharp.Control.Websockets.ThreadSafeWebSocket/ThreadSafeWebSocket,System.Net.WebSockets.WebSocketCloseStatus,System.String)
FNDA:0,System.Net.WebSockets.WebSocketState FSharp.Control.Websockets.ThreadSafeWebSocket/ThreadSafeWebSocket::get_State()
FNDA:0,Microsoft.FSharp.Core.FSharpOption`1<System.Net.WebSockets.WebSocketCloseStatus> FSharp.Control.Websockets.ThreadSafeWebSocket/ThreadSafeWebSocket::get_CloseStatus()
FNDA:0,System.String FSharp.Control.Websockets.ThreadSafeWebSocket/ThreadSafeWebSocket::get_CloseStatusDescription()
FNDA:2,System.Void FSharp.Control.Websockets.ThreadSafeWebSocket/ThreadSafeWebSocket::System-IDisposable-Dispose()
FNDA:2,Microsoft.FSharp.Control.FSharpAsync`1<Microsoft.FSharp.Core.Unit> FSharp.Control.Websockets.ThreadSafeWebSocket/loop@178-5::Invoke(Microsoft.FSharp.Core.Unit)
FNDA:2,Microsoft.FSharp.Control.FSharpAsync`1<Microsoft.FSharp.Core.Unit> FSharp.Control.Websockets.ThreadSafeWebSocket/loop@178-4::Invoke(Microsoft.FSharp.Core.Unit)
FNDA:0,Microsoft.FSharp.Control.FSharpAsync`1<Microsoft.FSharp.Core.Unit> FSharp.Control.Websockets.ThreadSafeWebSocket/loop@178-6::Invoke(System.Exception)
FNDA:2,Microsoft.FSharp.Control.FSharpAsync`1<Microsoft.FSharp.Core.Unit> FSharp.Control.Websockets.ThreadSafeWebSocket/loop@178-3::Invoke(Microsoft.FSharp.Core.Unit)
FNDA:2,Microsoft.FSharp.Control.FSharpAsync`1<Microsoft.FSharp.Core.Unit> FSharp.Control.Websockets.ThreadSafeWebSocket/loop@179-7::Invoke(Microsoft.FSharp.Core.Unit)
FNDA:1,Microsoft.FSharp.Control.FSharpAsync`1<Microsoft.FSharp.Core.Unit> FSharp.Control.Websockets.ThreadSafeWebSocket/loop@181-10::Invoke(Microsoft.FSharp.Core.Unit)
FNDA:1,Microsoft.FSharp.Control.FSharpAsync`1<Microsoft.FSharp.Core.Unit> FSharp.Control.Websockets.ThreadSafeWebSocket/loop@181-9::Invoke(Microsoft.FSharp.Core.Unit)
FNDA:0,Microsoft.FSharp.Control.FSharpAsync`1<Microsoft.FSharp.Core.Unit> FSharp.Control.Websockets.ThreadSafeWebSocket/loop@181-11::Invoke(System.Exception)
FNDA:1,Microsoft.FSharp.Control.FSharpAsync`1<Microsoft.FSharp.Core.Unit> FSharp.Control.Websockets.ThreadSafeWebSocket/loop@181-8::Invoke(Microsoft.FSharp.Core.Unit)
FNDA:1,Microsoft.FSharp.Control.FSharpAsync`1<Microsoft.FSharp.Core.Unit> FSharp.Control.Websockets.ThreadSafeWebSocket/loop@181-12::Invoke(Microsoft.FSharp.Core.Unit)
FNDA:1,Microsoft.FSharp.Control.FSharpAsync`1<Microsoft.FSharp.Core.Unit> FSharp.Control.Websockets.ThreadSafeWebSocket/loop@183-15::Invoke(Microsoft.FSharp.Core.Unit)
FNDA:1,Microsoft.FSharp.Control.FSharpAsync`1<Microsoft.FSharp.Core.Unit> FSharp.Control.Websockets.ThreadSafeWebSocket/loop@183-14::Invoke(Microsoft.FSharp.Core.Unit)
FNDA:0,Microsoft.FSharp.Control.FSharpAsync`1<Microsoft.FSharp.Core.Unit> FSharp.Control.Websockets.ThreadSafeWebSocket/loop@183-16::Invoke(System.Exception)
FNDA:1,Microsoft.FSharp.Control.FSharpAsync`1<Microsoft.FSharp.Core.Unit> FSharp.Control.Websockets.ThreadSafeWebSocket/loop@183-13::Invoke(Microsoft.FSharp.Core.Unit)
FNDA:1,Microsoft.FSharp.Control.FSharpAsync`1<Microsoft.FSharp.Core.Unit> FSharp.Control.Websockets.ThreadSafeWebSocket/loop@183-17::Invoke(Microsoft.FSharp.Core.Unit)
FNDA:4,Microsoft.FSharp.Control.FSharpAsync`1<Microsoft.FSharp.Core.Unit> FSharp.Control.Websockets.ThreadSafeWebSocket/loop@175-2::Invoke(FSharp.Control.Websockets.ThreadSafeWebSocket/SendMessages)
FNDA:4,Microsoft.FSharp.Control.FSharpAsync`1<Microsoft.FSharp.Core.Unit> FSharp.Control.Websockets.ThreadSafeWebSocket/loop@174-1::Invoke(Microsoft.FSharp.Core.Unit)
FNDA:2,Microsoft.FSharp.Control.FSharpAsync`1<Microsoft.FSharp.Core.Unit> FSharp.Control.Websockets.ThreadSafeWebSocket/createFromWebSocket@172::Invoke(Microsoft.FSharp.Control.FSharpMailboxProcessor`1<FSharp.Control.Websockets.ThreadSafeWebSocket/SendMessages>)
FNDA:0,Microsoft.FSharp.Control.FSharpAsync`1<Microsoft.FSharp.Core.Unit> FSharp.Control.Websockets.ThreadSafeWebSocket/loop@193-22::Invoke(Microsoft.FSharp.Core.Unit)
FNDA:2,Microsoft.FSharp.Control.FSharpAsync`1<Microsoft.FSharp.Core.Unit> FSharp.Control.Websockets.ThreadSafeWebSocket/loop@192-21::Invoke(FSharp.Control.Websockets.WebSocket/ReceiveStreamResult)
FNDA:2,Microsoft.FSharp.Control.FSharpAsync`1<Microsoft.FSharp.Core.Unit> FSharp.Control.Websockets.ThreadSafeWebSocket/loop@190-20::Invoke(System.Tuple`4<System.Int32,System.Net.WebSockets.WebSocketMessageType,System.IO.Stream,Microsoft.FSharp.Control.FSharpAsyncReplyChannel`1<Microsoft.FSharp.Core.FSharpResult`2<FSharp.Control.Websockets.WebSocket/ReceiveStreamResult,System.Runtime.ExceptionServices.ExceptionDispatchInfo>>>)
FNDA:4,Microsoft.FSharp.Control.FSharpAsync`1<Microsoft.FSharp.Core.Unit> FSharp.Control.Websockets.ThreadSafeWebSocket/loop@189-19::Invoke(Microsoft.FSharp.Core.Unit)
FNDA:2,Microsoft.FSharp.Control.FSharpAsync`1<Microsoft.FSharp.Core.Unit> FSharp.Control.Websockets.ThreadSafeWebSocket/createFromWebSocket@187-1::Invoke(Microsoft.FSharp.Control.FSharpMailboxProcessor`1<System.Tuple`4<System.Int32,System.Net.WebSockets.WebSocketMessageType,System.IO.Stream,Microsoft.FSharp.Control.FSharpAsyncReplyChannel`1<Microsoft.FSharp.Core.FSharpResult`2<FSharp.Control.Websockets.WebSocket/ReceiveStreamResult,System.Runtime.ExceptionServices.ExceptionDispatchInfo>>>>)
FNDA:2,FSharp.Control.Websockets.ThreadSafeWebSocket/SendMessages FSharp.Control.Websockets.ThreadSafeWebSocket/sendMessage@204-2::Invoke(Microsoft.FSharp.Control.FSharpAsyncReplyChannel`1<Microsoft.FSharp.Core.FSharpResult`2<Microsoft.FSharp.Core.Unit,System.Runtime.ExceptionServices.ExceptionDispatchInfo>>)
FNDA:2,Microsoft.FSharp.Control.FSharpAsync`1<Microsoft.FSharp.Core.FSharpResult`2<Microsoft.FSharp.Core.Unit,System.Runtime.ExceptionServices.ExceptionDispatchInfo>> FSharp.Control.Websockets.ThreadSafeWebSocket/sendMessageAsUTF8@208-4::Invoke(System.IO.MemoryStream)
FNDA:2,Microsoft.FSharp.Control.FSharpAsync`1<Microsoft.FSharp.Core.FSharpResult`2<Microsoft.FSharp.Core.Unit,System.Runtime.ExceptionServices.ExceptionDispatchInfo>> FSharp.Control.Websockets.ThreadSafeWebSocket/sendMessageAsUTF8@207-3::Invoke(Microsoft.FSharp.Core.Unit)
FNDA:2,System.Tuple`4<System.Int32,System.Net.WebSockets.WebSocketMessageType,System.IO.Stream,Microsoft.FSharp.Control.FSharpAsyncReplyChannel`1<Microsoft.FSharp.Core.FSharpResult`2<FSharp.Control.Websockets.WebSocket/ReceiveStreamResult,System.Runtime.ExceptionServices.ExceptionDispatchInfo>>> FSharp.Control.Websockets.ThreadSafeWebSocket/receiveMessage@212-1::Invoke(Microsoft.FSharp.Control.FSharpAsyncReplyChannel`1<Microsoft.FSharp.Core.FSharpResult`2<FSharp.Control.Websockets.WebSocket/ReceiveStreamResult,System.Runtime.ExceptionServices.ExceptionDispatchInfo>>)
FNDA:0,Microsoft.FSharp.Control.FSharpAsync`1<Microsoft.FSharp.Core.FSharpResult`2<FSharp.Control.Websockets.WebSocket/ReceiveUTF8Result,System.Runtime.ExceptionServices.ExceptionDispatchInfo>> FSharp.Control.Websockets.ThreadSafeWebSocket/receiveMessageAsUTF8@217-5::Invoke(Microsoft.FSharp.Core.FSharpResult`2<FSharp.Control.Websockets.WebSocket/ReceiveStreamResult,System.Runtime.ExceptionServices.ExceptionDispatchInfo>)
FNDA:2,Microsoft.FSharp.Control.FSharpAsync`1<Microsoft.FSharp.Core.FSharpResult`2<FSharp.Control.Websockets.WebSocket/ReceiveUTF8Result,System.Runtime.ExceptionServices.ExceptionDispatchInfo>> FSharp.Control.Websockets.ThreadSafeWebSocket/receiveMessageAsUTF8@216-4::Invoke(System.IO.MemoryStream)
FNDA:2,Microsoft.FSharp.Control.FSharpAsync`1<Microsoft.FSharp.Core.FSharpResult`2<FSharp.Control.Websockets.WebSocket/ReceiveUTF8Result,System.Runtime.ExceptionServices.ExceptionDispatchInfo>> FSharp.Control.Websockets.ThreadSafeWebSocket/receiveMessageAsUTF8@215-3::Invoke(Microsoft.FSharp.Core.Unit)
FNDA:1,FSharp.Control.Websockets.ThreadSafeWebSocket/SendMessages FSharp.Control.Websockets.ThreadSafeWebSocket/close@226::Invoke(Microsoft.FSharp.Control.FSharpAsyncReplyChannel`1<Microsoft.FSharp.Core.FSharpResult`2<Microsoft.FSharp.Core.Unit,System.Runtime.ExceptionServices.ExceptionDispatchInfo>>)
FNDA:1,FSharp.Control.Websockets.ThreadSafeWebSocket/SendMessages FSharp.Control.Websockets.ThreadSafeWebSocket/closeOutput@229::Invoke(Microsoft.FSharp.Control.FSharpAsyncReplyChannel`1<Microsoft.FSharp.Core.FSharpResult`2<Microsoft.FSharp.Core.Unit,System.Runtime.ExceptionServices.ExceptionDispatchInfo>>)
FNDA:10,Microsoft.FSharp.Control.FSharpAsync`1<System.Net.WebSockets.WebSocketReceiveResult> FSharp.Control.Websockets.WebSocket::asyncReceive(System.ArraySegment`1<System.Byte>,a)
FNDA:8,Microsoft.FSharp.Control.FSharpAsync`1<Microsoft.FSharp.Core.Unit> FSharp.Control.Websockets.WebSocket::asyncSend(System.ArraySegment`1<System.Byte>,System.Net.WebSockets.WebSocketMessageType,System.Boolean,a)
FNDA:1,Microsoft.FSharp.Control.FSharpAsync`1<Microsoft.FSharp.Core.Unit> FSharp.Control.Websockets.WebSocket::asyncClose(System.Net.WebSockets.WebSocketCloseStatus,System.String,a)
FNDA:3,Microsoft.FSharp.Control.FSharpAsync`1<Microsoft.FSharp.Core.Unit> FSharp.Control.Websockets.WebSocket::asyncCloseOutput(System.Net.WebSockets.WebSocketCloseStatus,System.String,a)
FNDA:0,System.Boolean FSharp.Control.Websockets.WebSocket::isWebsocketOpen(a)
FNDA:8,Microsoft.FSharp.Control.FSharpAsync`1<Microsoft.FSharp.Core.Unit> FSharp.Control.Websockets.WebSocket::sendMessage'@69(System.Net.WebSockets.WebSocketMessageType,a,b,System.Byte[],Microsoft.FSharp.Core.Unit)
FNDA:4,Microsoft.FSharp.Control.FSharpAsync`1<Microsoft.FSharp.Core.Unit> FSharp.Control.Websockets.WebSocket::sendMessage(System.Int32,System.Net.WebSockets.WebSocketMessageType,a,b)
FNDA:2,Microsoft.FSharp.Control.FSharpAsync`1<Microsoft.FSharp.Core.Unit> FSharp.Control.Websockets.WebSocket::sendMessageAsUTF8(System.String,System.Net.WebSockets.WebSocket)
FNDA:10,Microsoft.FSharp.Control.FSharpAsync`1<FSharp.Control.Websockets.WebSocket/ReceiveStreamResult> FSharp.Control.Websockets.WebSocket::readTillEnd'@96(System.Net.WebSockets.WebSocketMessageType,System.IO.Stream,System.Net.WebSockets.WebSocket,System.ArraySegment`1<System.Byte>,Microsoft.FSharp.Core.Unit)
FNDA:6,Microsoft.FSharp.Control.FSharpAsync`1<FSharp.Control.Websockets.WebSocket/ReceiveStreamResult> FSharp.Control.Websockets.WebSocket::receiveMessage(System.Int32,System.Net.WebSockets.WebSocketMessageType,System.IO.Stream,System.Net.WebSockets.WebSocket)
FNDA:4,Microsoft.FSharp.Control.FSharpAsync`1<FSharp.Control.Websockets.WebSocket/ReceiveUTF8Result> FSharp.Control.Websockets.WebSocket::receiveMessageAsUTF8(System.Net.WebSockets.WebSocket)
FNDA:10,System.Threading.Tasks.Task`1<System.Net.WebSockets.WebSocketReceiveResult> FSharp.Control.Websockets.WebSocket/asyncReceive@47::Invoke(System.Threading.CancellationToken)
FNDA:8,System.Threading.Tasks.Task FSharp.Control.Websockets.WebSocket/asyncSend@51::Invoke(System.Threading.CancellationToken)
FNDA:1,System.Threading.Tasks.Task FSharp.Control.Websockets.WebSocket/asyncClose@55::Invoke(System.Threading.CancellationToken)
FNDA:3,System.Threading.Tasks.Task FSharp.Control.Websockets.WebSocket/asyncCloseOutput@59::Invoke(System.Threading.CancellationToken)
FNDA:4,Microsoft.FSharp.Control.FSharpAsync`1<Microsoft.FSharp.Core.Unit> FSharp.Control.Websockets.WebSocket/sendMessage'@75-3::Invoke(Microsoft.FSharp.Core.Unit)
FNDA:4,Microsoft.FSharp.Control.FSharpAsync`1<Microsoft.FSharp.Core.Unit> FSharp.Control.Websockets.WebSocket/sendMessage'@77-4::Invoke(Microsoft.FSharp.Core.Unit)
FNDA:8,Microsoft.FSharp.Control.FSharpAsync`1<Microsoft.FSharp.Core.Unit> FSharp.Control.Websockets.WebSocket/sendMessage'@73-2::Invoke(System.Int32)
FNDA:8,Microsoft.FSharp.Control.FSharpAsync`1<Microsoft.FSharp.Core.Unit> FSharp.Control.Websockets.WebSocket/sendMessage'@70-1::Invoke(Microsoft.FSharp.Core.Unit)
FNDA:4,Microsoft.FSharp.Control.FSharpAsync`1<Microsoft.FSharp.Core.Unit> FSharp.Control.Websockets.WebSocket/sendMessage@79-1::Invoke(Microsoft.FSharp.Core.Unit)
FNDA:4,Microsoft.FSharp.Control.FSharpAsync`1<Microsoft.FSharp.Core.Unit> FSharp.Control.Websockets.WebSocket/sendMessage@67::Invoke(Microsoft.FSharp.Core.Unit)
FNDA:2,Microsoft.FSharp.Control.FSharpAsync`1<Microsoft.FSharp.Core.Unit> FSharp.Control.Websockets.WebSocket/sendMessageAsUTF8@84-2::Invoke(Microsoft.FSharp.Core.Unit)
FNDA:2,Microsoft.FSharp.Control.FSharpAsync`1<Microsoft.FSharp.Core.Unit> FSharp.Control.Websockets.WebSocket/sendMessageAsUTF8@84-1::Invoke(System.IO.MemoryStream)
FNDA:2,Microsoft.FSharp.Control.FSharpAsync`1<Microsoft.FSharp.Core.Unit> FSharp.Control.Websockets.WebSocket/sendMessageAsUTF8@83::Invoke(Microsoft.FSharp.Core.Unit)
FNDA:2,Microsoft.FSharp.Control.FSharpAsync`1<FSharp.Control.Websockets.WebSocket/ReceiveStreamResult> FSharp.Control.Websockets.WebSocket/readTillEnd'@102-3::Invoke(Microsoft.FSharp.Core.Unit)
FNDA:8,Microsoft.FSharp.Control.FSharpAsync`1<FSharp.Control.Websockets.WebSocket/ReceiveStreamResult> FSharp.Control.Websockets.WebSocket/readTillEnd'@107-5::Invoke(Microsoft.FSharp.Core.Unit)
FNDA:8,Microsoft.FSharp.Control.FSharpAsync`1<FSharp.Control.Websockets.WebSocket/ReceiveStreamResult> FSharp.Control.Websockets.WebSocket/readTillEnd'@106-4::Invoke(Microsoft.FSharp.Core.Unit)
FNDA:2,Microsoft.FSharp.Control.FSharpAsync`1<FSharp.Control.Websockets.WebSocket/ReceiveStreamResult> FSharp.Control.Websockets.WebSocket/readTillEnd'@98-2::Invoke(System.Net.WebSockets.WebSocketReceiveResult)
FNDA:10,Microsoft.FSharp.Control.FSharpAsync`1<FSharp.Control.Websockets.WebSocket/ReceiveStreamResult> FSharp.Control.Websockets.WebSocket/readTillEnd'@97-1::Invoke(Microsoft.FSharp.Core.Unit)
FNDA:6,Microsoft.FSharp.Control.FSharpAsync`1<FSharp.Control.Websockets.WebSocket/ReceiveStreamResult> FSharp.Control.Websockets.WebSocket/receiveMessage@94::Invoke(Microsoft.FSharp.Core.Unit)
FNDA:2,Microsoft.FSharp.Control.FSharpAsync`1<FSharp.Control.Websockets.WebSocket/ReceiveUTF8Result> FSharp.Control.Websockets.WebSocket/receiveMessageAsUTF8@122-2::Invoke(FSharp.Control.Websockets.WebSocket/ReceiveStreamResult)
FNDA:4,Microsoft.FSharp.Control.FSharpAsync`1<FSharp.Control.Websockets.WebSocket/ReceiveUTF8Result> FSharp.Control.Websockets.WebSocket/receiveMessageAsUTF8@121-1::Invoke(System.IO.MemoryStream)
FNDA:4,Microsoft.FSharp.Control.FSharpAsync`1<FSharp.Control.Websockets.WebSocket/ReceiveUTF8Result> FSharp.Control.Websockets.WebSocket/receiveMessageAsUTF8@120::Invoke(Microsoft.FSharp.Core.Unit)
FNDA:0,System.IO.MemoryStream FSharp.Control.Websockets.Stream::MemoryStream.UTF8toMemoryStream.Static(System.String)
FNDA:4,System.String FSharp.Control.Websockets.Stream::MemoryStream.ToUTF8String.Static(System.IO.MemoryStream)
FNDA:0,System.String FSharp.Control.Websockets.Stream::MemoryStream.ToUTF8String(System.IO.MemoryStream)
FNDA:12,Microsoft.FSharp.Control.FSharpAsync`1<Microsoft.FSharp.Core.Unit> <StartupCode$FSharp-Control-Websockets>.$FSharp.Control.Websockets/AwaitTaskWithCancellation@10-1::Invoke(System.Threading.CancellationToken)
FNDA:12,Microsoft.FSharp.Control.FSharpAsync`1<Microsoft.FSharp.Core.Unit> <StartupCode$FSharp-Control-Websockets>.$FSharp.Control.Websockets/AwaitTaskWithCancellation@9::Invoke(Microsoft.FSharp.Core.Unit)
FNDA:10,Microsoft.FSharp.Control.FSharpAsync`1<a> <StartupCode$FSharp-Control-Websockets>.$FSharp.Control.Websockets/AwaitTaskWithCancellation@15-3::Invoke(System.Threading.CancellationToken)
FNDA:10,Microsoft.FSharp.Control.FSharpAsync`1<a> <StartupCode$FSharp-Control-Websockets>.$FSharp.Control.Websockets/AwaitTaskWithCancellation@14-2::Invoke(Microsoft.FSharp.Core.Unit)
FNF:87
FNH:77
BRDA:175,0,0,4
BRDA:175,0,1,-
BRDA:175,2,0,3
BRDA:175,2,1,1
BRDA:175,4,0,2
BRDA:175,4,1,1
BRDA:190,6,0,2
BRDA:190,6,1,-
BRDA:221,10,0,4
BRDA:221,10,1,6
BRDA:73,10,0,4
BRDA:73,10,1,6
BRDA:70,12,0,8
BRDA:70,12,1,-
BRDA:107,14,0,4
BRDA:107,14,1,4
BRDA:101,18,0,-
BRDA:101,18,1,8
BRDA:101,20,0,-
BRDA:101,20,1,8
BRDA:105,22,0,-
BRDA:105,22,1,8
BRF:22
BRH:16
DA:8,12
DA:13,10
DA:173,4
DA:188,4
DA:197,2
DA:204,2
DA:206,2
DA:212,2
DA:214,2
DA:226,1
DA:229,1
DA:154,0
DA:156,0
DA:158,0
DA:152,2
DA:178,2
DA:178,2
DA:178,0
DA:178,2
DA:179,2
DA:181,1
DA:181,1
DA:181,0
DA:181,1
DA:181,1
DA:183,1
DA:183,1
DA:183,0
DA:183,1
DA:183,1
DA:175,4
DA:178,2
DA:175,1
DA:181,1
DA:175,1
DA:183,1
DA:175,0
DA:174,4
DA:185,2
DA:185,2
DA:193,0
DA:192,2
DA:193,2
DA:190,2
DA:191,2
DA:190,0
DA:189,4
DA:195,2
DA:195,2
DA:204,2
DA:208,2
DA:207,2
DA:212,2
DA:221,0
DA:220,0
DA:218,2
DA:216,2
DA:215,2
DA:226,1
DA:229,1
DA:47,10
DA:51,8
DA:55,1
DA:59,3
DA:63,0
DA:69,8
DA:66,4
DA:82,2
DA:96,10
DA:93,6
DA:119,4
DA:47,10
DA:51,8
DA:55,1
DA:59,3
DA:75,4
DA:77,4
DA:73,8
DA:74,4
DA:77,4
DA:70,8
DA:71,8
DA:70,0
DA:79,4
DA:67,4
DA:79,4
DA:79,4
DA:84,2
DA:84,2
DA:83,2
DA:102,2
DA:107,8
DA:108,4
DA:110,4
DA:106,8
DA:101,2
DA:105,8
DA:105,8
DA:105,0
DA:105,8
DA:97,10
DA:94,6
DA:112,6
DA:112,6
DA:126,2
DA:124,2
DA:121,4
DA:120,4
DA:22,0
DA:25,4
DA:26,4
DA:31,0
DA:10,12
DA:9,12
DA:15,10
DA:14,10
LH:100
LF:116
end_of_record
