TN:
SF:/Users/jimmybyrd/Documents/GitHub/FSharp.Control.Websockets/src/FSharp.Control.Websockets.TPL/FSharp.Control.Websockets.TPL.fs
FN:163,System.Threading.Tasks.Task`1<Microsoft.FSharp.Core.Unit> FSharp.Control.Websockets.TPL.ThreadSafeWebSocket::sendLoop@163(System.Net.WebSockets.WebSocket,System.Threading.Tasks.Dataflow.BufferBlock`1<FSharp.Control.Websockets.TPL.ThreadSafeWebSocket/SendMessages>,Microsoft.FSharp.Core.Unit)
FN:179,System.Threading.Tasks.Task`1<Microsoft.FSharp.Core.Unit> FSharp.Control.Websockets.TPL.ThreadSafeWebSocket::receiveLoop@179(System.Net.WebSockets.WebSocket,System.Threading.Tasks.Dataflow.BufferBlock`1<System.Tuple`5<System.Threading.CancellationToken,System.Int32,System.Net.WebSockets.WebSocketMessageType,System.IO.Stream,System.Threading.Tasks.TaskCompletionSource`1<Microsoft.FSharp.Core.FSharpResult`2<FSharp.Control.Websockets.TPL.WebSocket/ReceiveStreamResult,System.Runtime.ExceptionServices.ExceptionDispatchInfo>>>>,Microsoft.FSharp.Core.Unit)
FN:149,FSharp.Control.Websockets.TPL.ThreadSafeWebSocket/ThreadSafeWebSocket FSharp.Control.Websockets.TPL.ThreadSafeWebSocket::createFromWebSocket(System.Threading.Tasks.Dataflow.DataflowBlockOptions,System.Net.WebSockets.WebSocket)
FN:194,System.Threading.Tasks.Task`1<Microsoft.FSharp.Core.FSharpResult`2<Microsoft.FSharp.Core.Unit,System.Runtime.ExceptionServices.ExceptionDispatchInfo>> FSharp.Control.Websockets.TPL.ThreadSafeWebSocket::sendMessage(FSharp.Control.Websockets.TPL.ThreadSafeWebSocket/ThreadSafeWebSocket,System.Threading.CancellationToken,System.Int32,System.Net.WebSockets.WebSocketMessageType,System.IO.Stream)
FN:201,System.Threading.Tasks.Task`1<Microsoft.FSharp.Core.FSharpResult`2<Microsoft.FSharp.Core.Unit,System.Runtime.ExceptionServices.ExceptionDispatchInfo>> FSharp.Control.Websockets.TPL.ThreadSafeWebSocket::sendMessageAsUTF8(FSharp.Control.Websockets.TPL.ThreadSafeWebSocket/ThreadSafeWebSocket,System.Threading.CancellationToken,System.String)
FN:206,System.Threading.Tasks.Task`1<Microsoft.FSharp.Core.FSharpResult`2<FSharp.Control.Websockets.TPL.WebSocket/ReceiveStreamResult,System.Runtime.ExceptionServices.ExceptionDispatchInfo>> FSharp.Control.Websockets.TPL.ThreadSafeWebSocket::receiveMessage(FSharp.Control.Websockets.TPL.ThreadSafeWebSocket/ThreadSafeWebSocket,System.Threading.CancellationToken,System.Int32,System.Net.WebSockets.WebSocketMessageType,System.IO.Stream)
FN:213,System.Threading.Tasks.Task`1<Microsoft.FSharp.Core.FSharpResult`2<FSharp.Control.Websockets.TPL.WebSocket/ReceiveUTF8Result,System.Runtime.ExceptionServices.ExceptionDispatchInfo>> FSharp.Control.Websockets.TPL.ThreadSafeWebSocket::receiveMessageAsUTF8(FSharp.Control.Websockets.TPL.ThreadSafeWebSocket/ThreadSafeWebSocket,System.Threading.CancellationToken)
FN:223,System.Threading.Tasks.Task`1<Microsoft.FSharp.Core.FSharpResult`2<Microsoft.FSharp.Core.Unit,System.Runtime.ExceptionServices.ExceptionDispatchInfo>> FSharp.Control.Websockets.TPL.ThreadSafeWebSocket::close(FSharp.Control.Websockets.TPL.ThreadSafeWebSocket/ThreadSafeWebSocket,System.Threading.CancellationToken,System.Net.WebSockets.WebSocketCloseStatus,System.String)
FN:230,System.Threading.Tasks.Task`1<Microsoft.FSharp.Core.FSharpResult`2<Microsoft.FSharp.Core.Unit,System.Runtime.ExceptionServices.ExceptionDispatchInfo>> FSharp.Control.Websockets.TPL.ThreadSafeWebSocket::closeOutput(FSharp.Control.Websockets.TPL.ThreadSafeWebSocket/ThreadSafeWebSocket,System.Threading.CancellationToken,System.Net.WebSockets.WebSocketCloseStatus,System.String)
FN:139,System.Net.WebSockets.WebSocketState FSharp.Control.Websockets.TPL.ThreadSafeWebSocket/ThreadSafeWebSocket::get_State()
FN:142,Microsoft.FSharp.Core.FSharpOption`1<System.Net.WebSockets.WebSocketCloseStatus> FSharp.Control.Websockets.TPL.ThreadSafeWebSocket/ThreadSafeWebSocket::get_CloseStatus()
FN:145,System.String FSharp.Control.Websockets.TPL.ThreadSafeWebSocket/ThreadSafeWebSocket::get_CloseStatusDescription()
FN:136,System.Void FSharp.Control.Websockets.TPL.ThreadSafeWebSocket/ThreadSafeWebSocket::System-IDisposable-Dispose()
FN:170,FSharp.Control.Tasks.TaskBuilder/Step`1<Microsoft.FSharp.Core.Unit> FSharp.Control.Websockets.TPL.ThreadSafeWebSocket/sendLoop@170-7::Invoke(Microsoft.FSharp.Core.Unit)
FN:170,FSharp.Control.Tasks.TaskBuilder/Step`1<Microsoft.FSharp.Core.Unit> FSharp.Control.Websockets.TPL.ThreadSafeWebSocket/sendLoop@170-6::Invoke(Microsoft.FSharp.Core.Unit)
FN:170,FSharp.Control.Tasks.TaskBuilder/Step`1<Microsoft.FSharp.Core.Unit> FSharp.Control.Websockets.TPL.ThreadSafeWebSocket/sendLoop@170-8::Invoke(System.Exception)
FN:170,FSharp.Control.Tasks.TaskBuilder/Step`1<Microsoft.FSharp.Core.Unit> FSharp.Control.Websockets.TPL.ThreadSafeWebSocket/sendLoop@170-5::Invoke(Microsoft.FSharp.Core.Unit)
FN:170,FSharp.Control.Tasks.TaskBuilder/Step`1<Microsoft.FSharp.Core.Unit> FSharp.Control.Websockets.TPL.ThreadSafeWebSocket/sendLoop@170-9::Invoke(Microsoft.FSharp.Core.Unit)
FN:173,FSharp.Control.Tasks.TaskBuilder/Step`1<Microsoft.FSharp.Core.Unit> FSharp.Control.Websockets.TPL.ThreadSafeWebSocket/sendLoop@173-12::Invoke(Microsoft.FSharp.Core.Unit)
FN:173,FSharp.Control.Tasks.TaskBuilder/Step`1<Microsoft.FSharp.Core.Unit> FSharp.Control.Websockets.TPL.ThreadSafeWebSocket/sendLoop@173-11::Invoke(Microsoft.FSharp.Core.Unit)
FN:173,FSharp.Control.Tasks.TaskBuilder/Step`1<Microsoft.FSharp.Core.Unit> FSharp.Control.Websockets.TPL.ThreadSafeWebSocket/sendLoop@173-13::Invoke(System.Exception)
FN:173,FSharp.Control.Tasks.TaskBuilder/Step`1<Microsoft.FSharp.Core.Unit> FSharp.Control.Websockets.TPL.ThreadSafeWebSocket/sendLoop@173-10::Invoke(Microsoft.FSharp.Core.Unit)
FN:173,FSharp.Control.Tasks.TaskBuilder/Step`1<Microsoft.FSharp.Core.Unit> FSharp.Control.Websockets.TPL.ThreadSafeWebSocket/sendLoop@173-14::Invoke(Microsoft.FSharp.Core.Unit)
FN:176,FSharp.Control.Tasks.TaskBuilder/Step`1<Microsoft.FSharp.Core.Unit> FSharp.Control.Websockets.TPL.ThreadSafeWebSocket/sendLoop@176-17::Invoke(Microsoft.FSharp.Core.Unit)
FN:176,FSharp.Control.Tasks.TaskBuilder/Step`1<Microsoft.FSharp.Core.Unit> FSharp.Control.Websockets.TPL.ThreadSafeWebSocket/sendLoop@176-16::Invoke(Microsoft.FSharp.Core.Unit)
FN:176,FSharp.Control.Tasks.TaskBuilder/Step`1<Microsoft.FSharp.Core.Unit> FSharp.Control.Websockets.TPL.ThreadSafeWebSocket/sendLoop@176-18::Invoke(System.Exception)
FN:176,FSharp.Control.Tasks.TaskBuilder/Step`1<Microsoft.FSharp.Core.Unit> FSharp.Control.Websockets.TPL.ThreadSafeWebSocket/sendLoop@176-15::Invoke(Microsoft.FSharp.Core.Unit)
FN:176,FSharp.Control.Tasks.TaskBuilder/Step`1<Microsoft.FSharp.Core.Unit> FSharp.Control.Websockets.TPL.ThreadSafeWebSocket/sendLoop@176-19::Invoke(Microsoft.FSharp.Core.Unit)
FN:170,FSharp.Control.Tasks.TaskBuilder/Step`1<Microsoft.FSharp.Core.Unit> FSharp.Control.Websockets.TPL.ThreadSafeWebSocket/sendLoop@168-4::Invoke(FSharp.Control.Websockets.TPL.ThreadSafeWebSocket/SendMessages)
FN:167,FSharp.Control.Tasks.TaskBuilder/Step`1<Microsoft.FSharp.Core.Unit> FSharp.Control.Websockets.TPL.ThreadSafeWebSocket/sendLoop@167-3::Invoke(Microsoft.FSharp.Core.Unit)
FN:164,FSharp.Control.Tasks.TaskBuilder/Step`1<Microsoft.FSharp.Core.Unit> FSharp.Control.Websockets.TPL.ThreadSafeWebSocket/sendLoop@164-1::Invoke(Microsoft.FSharp.Core.Unit)
FN:180,System.Boolean FSharp.Control.Websockets.TPL.ThreadSafeWebSocket/receiveLoop@180-2::Invoke(Microsoft.FSharp.Core.Unit)
FN:182,FSharp.Control.Tasks.TaskBuilder/Step`1<Microsoft.FSharp.Core.Unit> FSharp.Control.Websockets.TPL.ThreadSafeWebSocket/receiveLoop@182-7::Invoke(FSharp.Control.Websockets.TPL.WebSocket/ReceiveStreamResult)
FN:182,FSharp.Control.Tasks.TaskBuilder/Step`1<Microsoft.FSharp.Core.Unit> FSharp.Control.Websockets.TPL.ThreadSafeWebSocket/receiveLoop@182-6::Invoke(Microsoft.FSharp.Core.Unit)
FN:182,FSharp.Control.Tasks.TaskBuilder/Step`1<Microsoft.FSharp.Core.Unit> FSharp.Control.Websockets.TPL.ThreadSafeWebSocket/receiveLoop@182-8::Invoke(System.Exception)
FN:182,FSharp.Control.Tasks.TaskBuilder/Step`1<Microsoft.FSharp.Core.Unit> FSharp.Control.Websockets.TPL.ThreadSafeWebSocket/receiveLoop@182-5::Invoke(Microsoft.FSharp.Core.Unit)
FN:182,FSharp.Control.Tasks.TaskBuilder/Step`1<Microsoft.FSharp.Core.Unit> FSharp.Control.Websockets.TPL.ThreadSafeWebSocket/receiveLoop@182-9::Invoke(Microsoft.FSharp.Core.Unit)
FN:182,FSharp.Control.Tasks.TaskBuilder/Step`1<Microsoft.FSharp.Core.Unit> FSharp.Control.Websockets.TPL.ThreadSafeWebSocket/receiveLoop@182-4::Invoke(System.Tuple`5<System.Threading.CancellationToken,System.Int32,System.Net.WebSockets.WebSocketMessageType,System.IO.Stream,System.Threading.Tasks.TaskCompletionSource`1<Microsoft.FSharp.Core.FSharpResult`2<FSharp.Control.Websockets.TPL.WebSocket/ReceiveStreamResult,System.Runtime.ExceptionServices.ExceptionDispatchInfo>>>)
FN:181,FSharp.Control.Tasks.TaskBuilder/Step`1<Microsoft.FSharp.Core.Unit> FSharp.Control.Websockets.TPL.ThreadSafeWebSocket/receiveLoop@181-3::Invoke(Microsoft.FSharp.Core.Unit)
FN:180,FSharp.Control.Tasks.TaskBuilder/Step`1<Microsoft.FSharp.Core.Unit> FSharp.Control.Websockets.TPL.ThreadSafeWebSocket/receiveLoop@180-1::Invoke(Microsoft.FSharp.Core.Unit)
FN:185,System.Threading.Tasks.Task`1<Microsoft.FSharp.Core.Unit> FSharp.Control.Websockets.TPL.ThreadSafeWebSocket/createFromWebSocket@185::Invoke()
FN:186,System.Threading.Tasks.Task`1<Microsoft.FSharp.Core.Unit> FSharp.Control.Websockets.TPL.ThreadSafeWebSocket/createFromWebSocket@186-1::Invoke()
FN:198,FSharp.Control.Tasks.TaskBuilder/Step`1<Microsoft.FSharp.Core.FSharpResult`2<Microsoft.FSharp.Core.Unit,System.Runtime.ExceptionServices.ExceptionDispatchInfo>> FSharp.Control.Websockets.TPL.ThreadSafeWebSocket/sendMessage@198-7::Invoke(System.Boolean)
FN:195,FSharp.Control.Tasks.TaskBuilder/Step`1<Microsoft.FSharp.Core.FSharpResult`2<Microsoft.FSharp.Core.Unit,System.Runtime.ExceptionServices.ExceptionDispatchInfo>> FSharp.Control.Websockets.TPL.ThreadSafeWebSocket/sendMessage@195-6::Invoke(Microsoft.FSharp.Core.Unit)
FN:203,FSharp.Control.Tasks.TaskBuilder/Step`1<Microsoft.FSharp.Core.FSharpResult`2<Microsoft.FSharp.Core.Unit,System.Runtime.ExceptionServices.ExceptionDispatchInfo>> FSharp.Control.Websockets.TPL.ThreadSafeWebSocket/sendMessageAsUTF8@203-4::Invoke(System.IO.MemoryStream)
FN:202,FSharp.Control.Tasks.TaskBuilder/Step`1<Microsoft.FSharp.Core.FSharpResult`2<Microsoft.FSharp.Core.Unit,System.Runtime.ExceptionServices.ExceptionDispatchInfo>> FSharp.Control.Websockets.TPL.ThreadSafeWebSocket/sendMessageAsUTF8@202-3::Invoke(Microsoft.FSharp.Core.Unit)
FN:210,FSharp.Control.Tasks.TaskBuilder/Step`1<Microsoft.FSharp.Core.FSharpResult`2<FSharp.Control.Websockets.TPL.WebSocket/ReceiveStreamResult,System.Runtime.ExceptionServices.ExceptionDispatchInfo>> FSharp.Control.Websockets.TPL.ThreadSafeWebSocket/receiveMessage@210-11::Invoke(System.Boolean)
FN:207,FSharp.Control.Tasks.TaskBuilder/Step`1<Microsoft.FSharp.Core.FSharpResult`2<FSharp.Control.Websockets.TPL.WebSocket/ReceiveStreamResult,System.Runtime.ExceptionServices.ExceptionDispatchInfo>> FSharp.Control.Websockets.TPL.ThreadSafeWebSocket/receiveMessage@207-10::Invoke(Microsoft.FSharp.Core.Unit)
FN:219,FSharp.Control.Tasks.TaskBuilder/Step`1<Microsoft.FSharp.Core.FSharpResult`2<FSharp.Control.Websockets.TPL.WebSocket/ReceiveUTF8Result,System.Runtime.ExceptionServices.ExceptionDispatchInfo>> FSharp.Control.Websockets.TPL.ThreadSafeWebSocket/receiveMessageAsUTF8@216-5::Invoke(Microsoft.FSharp.Core.FSharpResult`2<FSharp.Control.Websockets.TPL.WebSocket/ReceiveStreamResult,System.Runtime.ExceptionServices.ExceptionDispatchInfo>)
FN:215,FSharp.Control.Tasks.TaskBuilder/Step`1<Microsoft.FSharp.Core.FSharpResult`2<FSharp.Control.Websockets.TPL.WebSocket/ReceiveUTF8Result,System.Runtime.ExceptionServices.ExceptionDispatchInfo>> FSharp.Control.Websockets.TPL.ThreadSafeWebSocket/receiveMessageAsUTF8@215-4::Invoke(System.IO.MemoryStream)
FN:214,FSharp.Control.Tasks.TaskBuilder/Step`1<Microsoft.FSharp.Core.FSharpResult`2<FSharp.Control.Websockets.TPL.WebSocket/ReceiveUTF8Result,System.Runtime.ExceptionServices.ExceptionDispatchInfo>> FSharp.Control.Websockets.TPL.ThreadSafeWebSocket/receiveMessageAsUTF8@214-3::Invoke(Microsoft.FSharp.Core.Unit)
FN:227,FSharp.Control.Tasks.TaskBuilder/Step`1<Microsoft.FSharp.Core.FSharpResult`2<Microsoft.FSharp.Core.Unit,System.Runtime.ExceptionServices.ExceptionDispatchInfo>> FSharp.Control.Websockets.TPL.ThreadSafeWebSocket/close@227-3::Invoke(System.Boolean)
FN:224,FSharp.Control.Tasks.TaskBuilder/Step`1<Microsoft.FSharp.Core.FSharpResult`2<Microsoft.FSharp.Core.Unit,System.Runtime.ExceptionServices.ExceptionDispatchInfo>> FSharp.Control.Websockets.TPL.ThreadSafeWebSocket/close@224-2::Invoke(Microsoft.FSharp.Core.Unit)
FN:234,FSharp.Control.Tasks.TaskBuilder/Step`1<Microsoft.FSharp.Core.FSharpResult`2<Microsoft.FSharp.Core.Unit,System.Runtime.ExceptionServices.ExceptionDispatchInfo>> FSharp.Control.Websockets.TPL.ThreadSafeWebSocket/closeOutput@234-3::Invoke(System.Boolean)
FN:231,FSharp.Control.Tasks.TaskBuilder/Step`1<Microsoft.FSharp.Core.FSharpResult`2<Microsoft.FSharp.Core.Unit,System.Runtime.ExceptionServices.ExceptionDispatchInfo>> FSharp.Control.Websockets.TPL.ThreadSafeWebSocket/closeOutput@231-2::Invoke(Microsoft.FSharp.Core.Unit)
FN:36,System.Boolean FSharp.Control.Websockets.TPL.WebSocket::isWebsocketOpen(a)
FN:38,System.Threading.Tasks.Task`1<Microsoft.FSharp.Core.Unit> FSharp.Control.Websockets.TPL.WebSocket::close(System.Net.WebSockets.WebSocketCloseStatus,System.String,System.Threading.CancellationToken,System.Net.WebSockets.WebSocket)
FN:42,System.Threading.Tasks.Task`1<Microsoft.FSharp.Core.Unit> FSharp.Control.Websockets.TPL.WebSocket::closeOutput(System.Net.WebSockets.WebSocketCloseStatus,System.String,System.Threading.CancellationToken,System.Net.WebSockets.WebSocket)
FN:47,System.Threading.Tasks.Task`1<Microsoft.FSharp.Core.Unit> FSharp.Control.Websockets.TPL.WebSocket::sendMessage(System.Threading.CancellationToken,System.Int32,System.Net.WebSockets.WebSocketMessageType,a,b)
FN:59,System.Threading.Tasks.Task`1<Microsoft.FSharp.Core.Unit> FSharp.Control.Websockets.TPL.WebSocket::sendMessageAsUTF8(System.Threading.CancellationToken,System.String,System.Net.WebSockets.WebSocket)
FN:69,System.Threading.Tasks.Task`1<FSharp.Control.Websockets.TPL.WebSocket/ReceiveStreamResult> FSharp.Control.Websockets.TPL.WebSocket::receiveMessage(System.Threading.CancellationToken,System.Int32,System.Net.WebSockets.WebSocketMessageType,System.IO.Stream,System.Net.WebSockets.WebSocket)
FN:95,System.Threading.Tasks.Task`1<FSharp.Control.Websockets.TPL.WebSocket/ReceiveUTF8Result> FSharp.Control.Websockets.TPL.WebSocket::receiveMessageAsUTF8(System.Threading.CancellationToken,System.Net.WebSockets.WebSocket)
FN:39,FSharp.Control.Tasks.TaskBuilder/Step`1<Microsoft.FSharp.Core.Unit> FSharp.Control.Websockets.TPL.WebSocket/close@39-1::Invoke(Microsoft.FSharp.Core.Unit)
FN:39,FSharp.Control.Tasks.TaskBuilder/Step`1<Microsoft.FSharp.Core.Unit> FSharp.Control.Websockets.TPL.WebSocket/close@39::Invoke(Microsoft.FSharp.Core.Unit)
FN:43,FSharp.Control.Tasks.TaskBuilder/Step`1<Microsoft.FSharp.Core.Unit> FSharp.Control.Websockets.TPL.WebSocket/closeOutput@43-1::Invoke(Microsoft.FSharp.Core.Unit)
FN:43,FSharp.Control.Tasks.TaskBuilder/Step`1<Microsoft.FSharp.Core.Unit> FSharp.Control.Websockets.TPL.WebSocket/closeOutput@43::Invoke(Microsoft.FSharp.Core.Unit)
FN:53,FSharp.Control.Tasks.TaskBuilder/Step`1<Microsoft.FSharp.Core.Unit> FSharp.Control.Websockets.TPL.WebSocket/sendMessage@53-4::Invoke(Microsoft.FSharp.Core.Unit)
FN:56,FSharp.Control.Tasks.TaskBuilder/Step`1<Microsoft.FSharp.Core.Unit> FSharp.Control.Websockets.TPL.WebSocket/sendMessage@56-5::Invoke(Microsoft.FSharp.Core.Unit)
FN:52,FSharp.Control.Tasks.TaskBuilder/Step`1<Microsoft.FSharp.Core.Unit> FSharp.Control.Websockets.TPL.WebSocket/sendMessage@52-3::Invoke(System.Int32)
FN:51,FSharp.Control.Tasks.TaskBuilder/Step`1<Microsoft.FSharp.Core.Unit> FSharp.Control.Websockets.TPL.WebSocket/sendMessage@51-2::Invoke(Microsoft.FSharp.Core.Unit)
FN:48,FSharp.Control.Tasks.TaskBuilder/Step`1<Microsoft.FSharp.Core.Unit> FSharp.Control.Websockets.TPL.WebSocket/sendMessage@48::Invoke(Microsoft.FSharp.Core.Unit)
FN:61,FSharp.Control.Tasks.TaskBuilder/Step`1<Microsoft.FSharp.Core.Unit> FSharp.Control.Websockets.TPL.WebSocket/sendMessageAsUTF8@61-2::Invoke(Microsoft.FSharp.Core.Unit)
FN:61,FSharp.Control.Tasks.TaskBuilder/Step`1<Microsoft.FSharp.Core.Unit> FSharp.Control.Websockets.TPL.WebSocket/sendMessageAsUTF8@61-1::Invoke(System.IO.MemoryStream)
FN:60,FSharp.Control.Tasks.TaskBuilder/Step`1<Microsoft.FSharp.Core.Unit> FSharp.Control.Websockets.TPL.WebSocket/sendMessageAsUTF8@60::Invoke(Microsoft.FSharp.Core.Unit)
FN:73,System.Boolean FSharp.Control.Websockets.TPL.WebSocket/receiveMessage@73-1::Invoke(Microsoft.FSharp.Core.Unit)
FN:77,FSharp.Control.Tasks.TaskBuilder/Step`1<Microsoft.FSharp.Core.Unit> FSharp.Control.Websockets.TPL.WebSocket/receiveMessage@77-4::Invoke(Microsoft.FSharp.Core.Unit)
FN:83,Microsoft.FSharp.Core.Unit FSharp.Control.Websockets.TPL.WebSocket/receiveMessage@83-6::Invoke(System.Net.WebSockets.WebSocketMessageType)
FN:83,Microsoft.FSharp.Core.FSharpFunc`2<System.Net.WebSockets.WebSocketMessageType,Microsoft.FSharp.Core.Unit> FSharp.Control.Websockets.TPL.WebSocket/receiveMessage@83-5::Invoke(System.Net.WebSockets.WebSocketMessageType)
FN:84,FSharp.Control.Tasks.TaskBuilder/Step`1<Microsoft.FSharp.Core.Unit> FSharp.Control.Websockets.TPL.WebSocket/receiveMessage@84-8::Invoke(Microsoft.FSharp.Core.Unit)
FN:84,FSharp.Control.Tasks.TaskBuilder/Step`1<Microsoft.FSharp.Core.Unit> FSharp.Control.Websockets.TPL.WebSocket/receiveMessage@84-7::Invoke(Microsoft.FSharp.Core.Unit)
FN:77,FSharp.Control.Tasks.TaskBuilder/Step`1<Microsoft.FSharp.Core.Unit> FSharp.Control.Websockets.TPL.WebSocket/receiveMessage@75-3::Invoke(System.Net.WebSockets.WebSocketReceiveResult)
FN:74,FSharp.Control.Tasks.TaskBuilder/Step`1<Microsoft.FSharp.Core.Unit> FSharp.Control.Websockets.TPL.WebSocket/receiveMessage@74-2::Invoke(Microsoft.FSharp.Core.Unit)
FN:88,FSharp.Control.Tasks.TaskBuilder/Step`1<FSharp.Control.Websockets.TPL.WebSocket/ReceiveStreamResult> FSharp.Control.Websockets.TPL.WebSocket/receiveMessage@88-9::Invoke(Microsoft.FSharp.Core.Unit)
FN:70,FSharp.Control.Tasks.TaskBuilder/Step`1<FSharp.Control.Websockets.TPL.WebSocket/ReceiveStreamResult> FSharp.Control.Websockets.TPL.WebSocket/receiveMessage@70::Invoke(Microsoft.FSharp.Core.Unit)
FN:107,FSharp.Control.Tasks.TaskBuilder/Step`1<FSharp.Control.Websockets.TPL.WebSocket/ReceiveUTF8Result> FSharp.Control.Websockets.TPL.WebSocket/receiveMessageAsUTF8@103-2::Invoke(FSharp.Control.Websockets.TPL.WebSocket/ReceiveStreamResult)
FN:102,FSharp.Control.Tasks.TaskBuilder/Step`1<FSharp.Control.Websockets.TPL.WebSocket/ReceiveUTF8Result> FSharp.Control.Websockets.TPL.WebSocket/receiveMessageAsUTF8@102-1::Invoke(System.IO.MemoryStream)
FN:96,FSharp.Control.Tasks.TaskBuilder/Step`1<FSharp.Control.Websockets.TPL.WebSocket/ReceiveUTF8Result> FSharp.Control.Websockets.TPL.WebSocket/receiveMessageAsUTF8@96::Invoke(Microsoft.FSharp.Core.Unit)
FN:10,System.IO.MemoryStream FSharp.Control.Websockets.TPL.Stream::MemoryStream.UTF8toMemoryStream.Static(System.String)
FN:13,System.String FSharp.Control.Websockets.TPL.Stream::MemoryStream.ToUTF8String.Static(System.IO.MemoryStream)
FN:19,System.String FSharp.Control.Websockets.TPL.Stream::MemoryStream.ToUTF8String(System.IO.MemoryStream)
FNDA:2,System.Threading.Tasks.Task`1<Microsoft.FSharp.Core.Unit> FSharp.Control.Websockets.TPL.ThreadSafeWebSocket::sendLoop@163(System.Net.WebSockets.WebSocket,System.Threading.Tasks.Dataflow.BufferBlock`1<FSharp.Control.Websockets.TPL.ThreadSafeWebSocket/SendMessages>,Microsoft.FSharp.Core.Unit)
FNDA:2,System.Threading.Tasks.Task`1<Microsoft.FSharp.Core.Unit> FSharp.Control.Websockets.TPL.ThreadSafeWebSocket::receiveLoop@179(System.Net.WebSockets.WebSocket,System.Threading.Tasks.Dataflow.BufferBlock`1<System.Tuple`5<System.Threading.CancellationToken,System.Int32,System.Net.WebSockets.WebSocketMessageType,System.IO.Stream,System.Threading.Tasks.TaskCompletionSource`1<Microsoft.FSharp.Core.FSharpResult`2<FSharp.Control.Websockets.TPL.WebSocket/ReceiveStreamResult,System.Runtime.ExceptionServices.ExceptionDispatchInfo>>>>,Microsoft.FSharp.Core.Unit)
FNDA:2,FSharp.Control.Websockets.TPL.ThreadSafeWebSocket/ThreadSafeWebSocket FSharp.Control.Websockets.TPL.ThreadSafeWebSocket::createFromWebSocket(System.Threading.Tasks.Dataflow.DataflowBlockOptions,System.Net.WebSockets.WebSocket)
FNDA:2,System.Threading.Tasks.Task`1<Microsoft.FSharp.Core.FSharpResult`2<Microsoft.FSharp.Core.Unit,System.Runtime.ExceptionServices.ExceptionDispatchInfo>> FSharp.Control.Websockets.TPL.ThreadSafeWebSocket::sendMessage(FSharp.Control.Websockets.TPL.ThreadSafeWebSocket/ThreadSafeWebSocket,System.Threading.CancellationToken,System.Int32,System.Net.WebSockets.WebSocketMessageType,System.IO.Stream)
FNDA:2,System.Threading.Tasks.Task`1<Microsoft.FSharp.Core.FSharpResult`2<Microsoft.FSharp.Core.Unit,System.Runtime.ExceptionServices.ExceptionDispatchInfo>> FSharp.Control.Websockets.TPL.ThreadSafeWebSocket::sendMessageAsUTF8(FSharp.Control.Websockets.TPL.ThreadSafeWebSocket/ThreadSafeWebSocket,System.Threading.CancellationToken,System.String)
FNDA:2,System.Threading.Tasks.Task`1<Microsoft.FSharp.Core.FSharpResult`2<FSharp.Control.Websockets.TPL.WebSocket/ReceiveStreamResult,System.Runtime.ExceptionServices.ExceptionDispatchInfo>> FSharp.Control.Websockets.TPL.ThreadSafeWebSocket::receiveMessage(FSharp.Control.Websockets.TPL.ThreadSafeWebSocket/ThreadSafeWebSocket,System.Threading.CancellationToken,System.Int32,System.Net.WebSockets.WebSocketMessageType,System.IO.Stream)
FNDA:2,System.Threading.Tasks.Task`1<Microsoft.FSharp.Core.FSharpResult`2<FSharp.Control.Websockets.TPL.WebSocket/ReceiveUTF8Result,System.Runtime.ExceptionServices.ExceptionDispatchInfo>> FSharp.Control.Websockets.TPL.ThreadSafeWebSocket::receiveMessageAsUTF8(FSharp.Control.Websockets.TPL.ThreadSafeWebSocket/ThreadSafeWebSocket,System.Threading.CancellationToken)
FNDA:1,System.Threading.Tasks.Task`1<Microsoft.FSharp.Core.FSharpResult`2<Microsoft.FSharp.Core.Unit,System.Runtime.ExceptionServices.ExceptionDispatchInfo>> FSharp.Control.Websockets.TPL.ThreadSafeWebSocket::close(FSharp.Control.Websockets.TPL.ThreadSafeWebSocket/ThreadSafeWebSocket,System.Threading.CancellationToken,System.Net.WebSockets.WebSocketCloseStatus,System.String)
FNDA:1,System.Threading.Tasks.Task`1<Microsoft.FSharp.Core.FSharpResult`2<Microsoft.FSharp.Core.Unit,System.Runtime.ExceptionServices.ExceptionDispatchInfo>> FSharp.Control.Websockets.TPL.ThreadSafeWebSocket::closeOutput(FSharp.Control.Websockets.TPL.ThreadSafeWebSocket/ThreadSafeWebSocket,System.Threading.CancellationToken,System.Net.WebSockets.WebSocketCloseStatus,System.String)
FNDA:0,System.Net.WebSockets.WebSocketState FSharp.Control.Websockets.TPL.ThreadSafeWebSocket/ThreadSafeWebSocket::get_State()
FNDA:0,Microsoft.FSharp.Core.FSharpOption`1<System.Net.WebSockets.WebSocketCloseStatus> FSharp.Control.Websockets.TPL.ThreadSafeWebSocket/ThreadSafeWebSocket::get_CloseStatus()
FNDA:0,System.String FSharp.Control.Websockets.TPL.ThreadSafeWebSocket/ThreadSafeWebSocket::get_CloseStatusDescription()
FNDA:2,System.Void FSharp.Control.Websockets.TPL.ThreadSafeWebSocket/ThreadSafeWebSocket::System-IDisposable-Dispose()
FNDA:2,FSharp.Control.Tasks.TaskBuilder/Step`1<Microsoft.FSharp.Core.Unit> FSharp.Control.Websockets.TPL.ThreadSafeWebSocket/sendLoop@170-7::Invoke(Microsoft.FSharp.Core.Unit)
FNDA:2,FSharp.Control.Tasks.TaskBuilder/Step`1<Microsoft.FSharp.Core.Unit> FSharp.Control.Websockets.TPL.ThreadSafeWebSocket/sendLoop@170-6::Invoke(Microsoft.FSharp.Core.Unit)
FNDA:0,FSharp.Control.Tasks.TaskBuilder/Step`1<Microsoft.FSharp.Core.Unit> FSharp.Control.Websockets.TPL.ThreadSafeWebSocket/sendLoop@170-8::Invoke(System.Exception)
FNDA:2,FSharp.Control.Tasks.TaskBuilder/Step`1<Microsoft.FSharp.Core.Unit> FSharp.Control.Websockets.TPL.ThreadSafeWebSocket/sendLoop@170-5::Invoke(Microsoft.FSharp.Core.Unit)
FNDA:2,FSharp.Control.Tasks.TaskBuilder/Step`1<Microsoft.FSharp.Core.Unit> FSharp.Control.Websockets.TPL.ThreadSafeWebSocket/sendLoop@170-9::Invoke(Microsoft.FSharp.Core.Unit)
FNDA:1,FSharp.Control.Tasks.TaskBuilder/Step`1<Microsoft.FSharp.Core.Unit> FSharp.Control.Websockets.TPL.ThreadSafeWebSocket/sendLoop@173-12::Invoke(Microsoft.FSharp.Core.Unit)
FNDA:1,FSharp.Control.Tasks.TaskBuilder/Step`1<Microsoft.FSharp.Core.Unit> FSharp.Control.Websockets.TPL.ThreadSafeWebSocket/sendLoop@173-11::Invoke(Microsoft.FSharp.Core.Unit)
FNDA:0,FSharp.Control.Tasks.TaskBuilder/Step`1<Microsoft.FSharp.Core.Unit> FSharp.Control.Websockets.TPL.ThreadSafeWebSocket/sendLoop@173-13::Invoke(System.Exception)
FNDA:1,FSharp.Control.Tasks.TaskBuilder/Step`1<Microsoft.FSharp.Core.Unit> FSharp.Control.Websockets.TPL.ThreadSafeWebSocket/sendLoop@173-10::Invoke(Microsoft.FSharp.Core.Unit)
FNDA:1,FSharp.Control.Tasks.TaskBuilder/Step`1<Microsoft.FSharp.Core.Unit> FSharp.Control.Websockets.TPL.ThreadSafeWebSocket/sendLoop@173-14::Invoke(Microsoft.FSharp.Core.Unit)
FNDA:1,FSharp.Control.Tasks.TaskBuilder/Step`1<Microsoft.FSharp.Core.Unit> FSharp.Control.Websockets.TPL.ThreadSafeWebSocket/sendLoop@176-17::Invoke(Microsoft.FSharp.Core.Unit)
FNDA:1,FSharp.Control.Tasks.TaskBuilder/Step`1<Microsoft.FSharp.Core.Unit> FSharp.Control.Websockets.TPL.ThreadSafeWebSocket/sendLoop@176-16::Invoke(Microsoft.FSharp.Core.Unit)
FNDA:0,FSharp.Control.Tasks.TaskBuilder/Step`1<Microsoft.FSharp.Core.Unit> FSharp.Control.Websockets.TPL.ThreadSafeWebSocket/sendLoop@176-18::Invoke(System.Exception)
FNDA:1,FSharp.Control.Tasks.TaskBuilder/Step`1<Microsoft.FSharp.Core.Unit> FSharp.Control.Websockets.TPL.ThreadSafeWebSocket/sendLoop@176-15::Invoke(Microsoft.FSharp.Core.Unit)
FNDA:1,FSharp.Control.Tasks.TaskBuilder/Step`1<Microsoft.FSharp.Core.Unit> FSharp.Control.Websockets.TPL.ThreadSafeWebSocket/sendLoop@176-19::Invoke(Microsoft.FSharp.Core.Unit)
FNDA:2,FSharp.Control.Tasks.TaskBuilder/Step`1<Microsoft.FSharp.Core.Unit> FSharp.Control.Websockets.TPL.ThreadSafeWebSocket/sendLoop@168-4::Invoke(FSharp.Control.Websockets.TPL.ThreadSafeWebSocket/SendMessages)
FNDA:4,FSharp.Control.Tasks.TaskBuilder/Step`1<Microsoft.FSharp.Core.Unit> FSharp.Control.Websockets.TPL.ThreadSafeWebSocket/sendLoop@167-3::Invoke(Microsoft.FSharp.Core.Unit)
FNDA:2,FSharp.Control.Tasks.TaskBuilder/Step`1<Microsoft.FSharp.Core.Unit> FSharp.Control.Websockets.TPL.ThreadSafeWebSocket/sendLoop@164-1::Invoke(Microsoft.FSharp.Core.Unit)
FNDA:4,System.Boolean FSharp.Control.Websockets.TPL.ThreadSafeWebSocket/receiveLoop@180-2::Invoke(Microsoft.FSharp.Core.Unit)
FNDA:2,FSharp.Control.Tasks.TaskBuilder/Step`1<Microsoft.FSharp.Core.Unit> FSharp.Control.Websockets.TPL.ThreadSafeWebSocket/receiveLoop@182-7::Invoke(FSharp.Control.Websockets.TPL.WebSocket/ReceiveStreamResult)
FNDA:2,FSharp.Control.Tasks.TaskBuilder/Step`1<Microsoft.FSharp.Core.Unit> FSharp.Control.Websockets.TPL.ThreadSafeWebSocket/receiveLoop@182-6::Invoke(Microsoft.FSharp.Core.Unit)
FNDA:0,FSharp.Control.Tasks.TaskBuilder/Step`1<Microsoft.FSharp.Core.Unit> FSharp.Control.Websockets.TPL.ThreadSafeWebSocket/receiveLoop@182-8::Invoke(System.Exception)
FNDA:2,FSharp.Control.Tasks.TaskBuilder/Step`1<Microsoft.FSharp.Core.Unit> FSharp.Control.Websockets.TPL.ThreadSafeWebSocket/receiveLoop@182-5::Invoke(Microsoft.FSharp.Core.Unit)
FNDA:2,FSharp.Control.Tasks.TaskBuilder/Step`1<Microsoft.FSharp.Core.Unit> FSharp.Control.Websockets.TPL.ThreadSafeWebSocket/receiveLoop@182-9::Invoke(Microsoft.FSharp.Core.Unit)
FNDA:2,FSharp.Control.Tasks.TaskBuilder/Step`1<Microsoft.FSharp.Core.Unit> FSharp.Control.Websockets.TPL.ThreadSafeWebSocket/receiveLoop@182-4::Invoke(System.Tuple`5<System.Threading.CancellationToken,System.Int32,System.Net.WebSockets.WebSocketMessageType,System.IO.Stream,System.Threading.Tasks.TaskCompletionSource`1<Microsoft.FSharp.Core.FSharpResult`2<FSharp.Control.Websockets.TPL.WebSocket/ReceiveStreamResult,System.Runtime.ExceptionServices.ExceptionDispatchInfo>>>)
FNDA:4,FSharp.Control.Tasks.TaskBuilder/Step`1<Microsoft.FSharp.Core.Unit> FSharp.Control.Websockets.TPL.ThreadSafeWebSocket/receiveLoop@181-3::Invoke(Microsoft.FSharp.Core.Unit)
FNDA:2,FSharp.Control.Tasks.TaskBuilder/Step`1<Microsoft.FSharp.Core.Unit> FSharp.Control.Websockets.TPL.ThreadSafeWebSocket/receiveLoop@180-1::Invoke(Microsoft.FSharp.Core.Unit)
FNDA:2,System.Threading.Tasks.Task`1<Microsoft.FSharp.Core.Unit> FSharp.Control.Websockets.TPL.ThreadSafeWebSocket/createFromWebSocket@185::Invoke()
FNDA:2,System.Threading.Tasks.Task`1<Microsoft.FSharp.Core.Unit> FSharp.Control.Websockets.TPL.ThreadSafeWebSocket/createFromWebSocket@186-1::Invoke()
FNDA:2,FSharp.Control.Tasks.TaskBuilder/Step`1<Microsoft.FSharp.Core.FSharpResult`2<Microsoft.FSharp.Core.Unit,System.Runtime.ExceptionServices.ExceptionDispatchInfo>> FSharp.Control.Websockets.TPL.ThreadSafeWebSocket/sendMessage@198-7::Invoke(System.Boolean)
FNDA:2,FSharp.Control.Tasks.TaskBuilder/Step`1<Microsoft.FSharp.Core.FSharpResult`2<Microsoft.FSharp.Core.Unit,System.Runtime.ExceptionServices.ExceptionDispatchInfo>> FSharp.Control.Websockets.TPL.ThreadSafeWebSocket/sendMessage@195-6::Invoke(Microsoft.FSharp.Core.Unit)
FNDA:2,FSharp.Control.Tasks.TaskBuilder/Step`1<Microsoft.FSharp.Core.FSharpResult`2<Microsoft.FSharp.Core.Unit,System.Runtime.ExceptionServices.ExceptionDispatchInfo>> FSharp.Control.Websockets.TPL.ThreadSafeWebSocket/sendMessageAsUTF8@203-4::Invoke(System.IO.MemoryStream)
FNDA:2,FSharp.Control.Tasks.TaskBuilder/Step`1<Microsoft.FSharp.Core.FSharpResult`2<Microsoft.FSharp.Core.Unit,System.Runtime.ExceptionServices.ExceptionDispatchInfo>> FSharp.Control.Websockets.TPL.ThreadSafeWebSocket/sendMessageAsUTF8@202-3::Invoke(Microsoft.FSharp.Core.Unit)
FNDA:2,FSharp.Control.Tasks.TaskBuilder/Step`1<Microsoft.FSharp.Core.FSharpResult`2<FSharp.Control.Websockets.TPL.WebSocket/ReceiveStreamResult,System.Runtime.ExceptionServices.ExceptionDispatchInfo>> FSharp.Control.Websockets.TPL.ThreadSafeWebSocket/receiveMessage@210-11::Invoke(System.Boolean)
FNDA:2,FSharp.Control.Tasks.TaskBuilder/Step`1<Microsoft.FSharp.Core.FSharpResult`2<FSharp.Control.Websockets.TPL.WebSocket/ReceiveStreamResult,System.Runtime.ExceptionServices.ExceptionDispatchInfo>> FSharp.Control.Websockets.TPL.ThreadSafeWebSocket/receiveMessage@207-10::Invoke(Microsoft.FSharp.Core.Unit)
FNDA:0,FSharp.Control.Tasks.TaskBuilder/Step`1<Microsoft.FSharp.Core.FSharpResult`2<FSharp.Control.Websockets.TPL.WebSocket/ReceiveUTF8Result,System.Runtime.ExceptionServices.ExceptionDispatchInfo>> FSharp.Control.Websockets.TPL.ThreadSafeWebSocket/receiveMessageAsUTF8@216-5::Invoke(Microsoft.FSharp.Core.FSharpResult`2<FSharp.Control.Websockets.TPL.WebSocket/ReceiveStreamResult,System.Runtime.ExceptionServices.ExceptionDispatchInfo>)
FNDA:2,FSharp.Control.Tasks.TaskBuilder/Step`1<Microsoft.FSharp.Core.FSharpResult`2<FSharp.Control.Websockets.TPL.WebSocket/ReceiveUTF8Result,System.Runtime.ExceptionServices.ExceptionDispatchInfo>> FSharp.Control.Websockets.TPL.ThreadSafeWebSocket/receiveMessageAsUTF8@215-4::Invoke(System.IO.MemoryStream)
FNDA:2,FSharp.Control.Tasks.TaskBuilder/Step`1<Microsoft.FSharp.Core.FSharpResult`2<FSharp.Control.Websockets.TPL.WebSocket/ReceiveUTF8Result,System.Runtime.ExceptionServices.ExceptionDispatchInfo>> FSharp.Control.Websockets.TPL.ThreadSafeWebSocket/receiveMessageAsUTF8@214-3::Invoke(Microsoft.FSharp.Core.Unit)
FNDA:1,FSharp.Control.Tasks.TaskBuilder/Step`1<Microsoft.FSharp.Core.FSharpResult`2<Microsoft.FSharp.Core.Unit,System.Runtime.ExceptionServices.ExceptionDispatchInfo>> FSharp.Control.Websockets.TPL.ThreadSafeWebSocket/close@227-3::Invoke(System.Boolean)
FNDA:1,FSharp.Control.Tasks.TaskBuilder/Step`1<Microsoft.FSharp.Core.FSharpResult`2<Microsoft.FSharp.Core.Unit,System.Runtime.ExceptionServices.ExceptionDispatchInfo>> FSharp.Control.Websockets.TPL.ThreadSafeWebSocket/close@224-2::Invoke(Microsoft.FSharp.Core.Unit)
FNDA:1,FSharp.Control.Tasks.TaskBuilder/Step`1<Microsoft.FSharp.Core.FSharpResult`2<Microsoft.FSharp.Core.Unit,System.Runtime.ExceptionServices.ExceptionDispatchInfo>> FSharp.Control.Websockets.TPL.ThreadSafeWebSocket/closeOutput@234-3::Invoke(System.Boolean)
FNDA:1,FSharp.Control.Tasks.TaskBuilder/Step`1<Microsoft.FSharp.Core.FSharpResult`2<Microsoft.FSharp.Core.Unit,System.Runtime.ExceptionServices.ExceptionDispatchInfo>> FSharp.Control.Websockets.TPL.ThreadSafeWebSocket/closeOutput@231-2::Invoke(Microsoft.FSharp.Core.Unit)
FNDA:0,System.Boolean FSharp.Control.Websockets.TPL.WebSocket::isWebsocketOpen(a)
FNDA:1,System.Threading.Tasks.Task`1<Microsoft.FSharp.Core.Unit> FSharp.Control.Websockets.TPL.WebSocket::close(System.Net.WebSockets.WebSocketCloseStatus,System.String,System.Threading.CancellationToken,System.Net.WebSockets.WebSocket)
FNDA:1,System.Threading.Tasks.Task`1<Microsoft.FSharp.Core.Unit> FSharp.Control.Websockets.TPL.WebSocket::closeOutput(System.Net.WebSockets.WebSocketCloseStatus,System.String,System.Threading.CancellationToken,System.Net.WebSockets.WebSocket)
FNDA:4,System.Threading.Tasks.Task`1<Microsoft.FSharp.Core.Unit> FSharp.Control.Websockets.TPL.WebSocket::sendMessage(System.Threading.CancellationToken,System.Int32,System.Net.WebSockets.WebSocketMessageType,a,b)
FNDA:2,System.Threading.Tasks.Task`1<Microsoft.FSharp.Core.Unit> FSharp.Control.Websockets.TPL.WebSocket::sendMessageAsUTF8(System.Threading.CancellationToken,System.String,System.Net.WebSockets.WebSocket)
FNDA:6,System.Threading.Tasks.Task`1<FSharp.Control.Websockets.TPL.WebSocket/ReceiveStreamResult> FSharp.Control.Websockets.TPL.WebSocket::receiveMessage(System.Threading.CancellationToken,System.Int32,System.Net.WebSockets.WebSocketMessageType,System.IO.Stream,System.Net.WebSockets.WebSocket)
FNDA:4,System.Threading.Tasks.Task`1<FSharp.Control.Websockets.TPL.WebSocket/ReceiveUTF8Result> FSharp.Control.Websockets.TPL.WebSocket::receiveMessageAsUTF8(System.Threading.CancellationToken,System.Net.WebSockets.WebSocket)
FNDA:1,FSharp.Control.Tasks.TaskBuilder/Step`1<Microsoft.FSharp.Core.Unit> FSharp.Control.Websockets.TPL.WebSocket/close@39-1::Invoke(Microsoft.FSharp.Core.Unit)
FNDA:1,FSharp.Control.Tasks.TaskBuilder/Step`1<Microsoft.FSharp.Core.Unit> FSharp.Control.Websockets.TPL.WebSocket/close@39::Invoke(Microsoft.FSharp.Core.Unit)
FNDA:0,FSharp.Control.Tasks.TaskBuilder/Step`1<Microsoft.FSharp.Core.Unit> FSharp.Control.Websockets.TPL.WebSocket/closeOutput@43-1::Invoke(Microsoft.FSharp.Core.Unit)
FNDA:1,FSharp.Control.Tasks.TaskBuilder/Step`1<Microsoft.FSharp.Core.Unit> FSharp.Control.Websockets.TPL.WebSocket/closeOutput@43::Invoke(Microsoft.FSharp.Core.Unit)
FNDA:0,FSharp.Control.Tasks.TaskBuilder/Step`1<Microsoft.FSharp.Core.Unit> FSharp.Control.Websockets.TPL.WebSocket/sendMessage@53-4::Invoke(Microsoft.FSharp.Core.Unit)
FNDA:0,FSharp.Control.Tasks.TaskBuilder/Step`1<Microsoft.FSharp.Core.Unit> FSharp.Control.Websockets.TPL.WebSocket/sendMessage@56-5::Invoke(Microsoft.FSharp.Core.Unit)
FNDA:8,FSharp.Control.Tasks.TaskBuilder/Step`1<Microsoft.FSharp.Core.Unit> FSharp.Control.Websockets.TPL.WebSocket/sendMessage@52-3::Invoke(System.Int32)
FNDA:8,FSharp.Control.Tasks.TaskBuilder/Step`1<Microsoft.FSharp.Core.Unit> FSharp.Control.Websockets.TPL.WebSocket/sendMessage@51-2::Invoke(Microsoft.FSharp.Core.Unit)
FNDA:4,FSharp.Control.Tasks.TaskBuilder/Step`1<Microsoft.FSharp.Core.Unit> FSharp.Control.Websockets.TPL.WebSocket/sendMessage@48::Invoke(Microsoft.FSharp.Core.Unit)
FNDA:2,FSharp.Control.Tasks.TaskBuilder/Step`1<Microsoft.FSharp.Core.Unit> FSharp.Control.Websockets.TPL.WebSocket/sendMessageAsUTF8@61-2::Invoke(Microsoft.FSharp.Core.Unit)
FNDA:2,FSharp.Control.Tasks.TaskBuilder/Step`1<Microsoft.FSharp.Core.Unit> FSharp.Control.Websockets.TPL.WebSocket/sendMessageAsUTF8@61-1::Invoke(System.IO.MemoryStream)
FNDA:2,FSharp.Control.Tasks.TaskBuilder/Step`1<Microsoft.FSharp.Core.Unit> FSharp.Control.Websockets.TPL.WebSocket/sendMessageAsUTF8@60::Invoke(Microsoft.FSharp.Core.Unit)
FNDA:16,System.Boolean FSharp.Control.Websockets.TPL.WebSocket/receiveMessage@73-1::Invoke(Microsoft.FSharp.Core.Unit)
FNDA:0,FSharp.Control.Tasks.TaskBuilder/Step`1<Microsoft.FSharp.Core.Unit> FSharp.Control.Websockets.TPL.WebSocket/receiveMessage@77-4::Invoke(Microsoft.FSharp.Core.Unit)
FNDA:0,Microsoft.FSharp.Core.Unit FSharp.Control.Websockets.TPL.WebSocket/receiveMessage@83-6::Invoke(System.Net.WebSockets.WebSocketMessageType)
FNDA:0,Microsoft.FSharp.Core.FSharpFunc`2<System.Net.WebSockets.WebSocketMessageType,Microsoft.FSharp.Core.Unit> FSharp.Control.Websockets.TPL.WebSocket/receiveMessage@83-5::Invoke(System.Net.WebSockets.WebSocketMessageType)
FNDA:0,FSharp.Control.Tasks.TaskBuilder/Step`1<Microsoft.FSharp.Core.Unit> FSharp.Control.Websockets.TPL.WebSocket/receiveMessage@84-8::Invoke(Microsoft.FSharp.Core.Unit)
FNDA:8,FSharp.Control.Tasks.TaskBuilder/Step`1<Microsoft.FSharp.Core.Unit> FSharp.Control.Websockets.TPL.WebSocket/receiveMessage@84-7::Invoke(Microsoft.FSharp.Core.Unit)
FNDA:2,FSharp.Control.Tasks.TaskBuilder/Step`1<Microsoft.FSharp.Core.Unit> FSharp.Control.Websockets.TPL.WebSocket/receiveMessage@75-3::Invoke(System.Net.WebSockets.WebSocketReceiveResult)
FNDA:10,FSharp.Control.Tasks.TaskBuilder/Step`1<Microsoft.FSharp.Core.Unit> FSharp.Control.Websockets.TPL.WebSocket/receiveMessage@74-2::Invoke(Microsoft.FSharp.Core.Unit)
FNDA:6,FSharp.Control.Tasks.TaskBuilder/Step`1<FSharp.Control.Websockets.TPL.WebSocket/ReceiveStreamResult> FSharp.Control.Websockets.TPL.WebSocket/receiveMessage@88-9::Invoke(Microsoft.FSharp.Core.Unit)
FNDA:6,FSharp.Control.Tasks.TaskBuilder/Step`1<FSharp.Control.Websockets.TPL.WebSocket/ReceiveStreamResult> FSharp.Control.Websockets.TPL.WebSocket/receiveMessage@70::Invoke(Microsoft.FSharp.Core.Unit)
FNDA:2,FSharp.Control.Tasks.TaskBuilder/Step`1<FSharp.Control.Websockets.TPL.WebSocket/ReceiveUTF8Result> FSharp.Control.Websockets.TPL.WebSocket/receiveMessageAsUTF8@103-2::Invoke(FSharp.Control.Websockets.TPL.WebSocket/ReceiveStreamResult)
FNDA:4,FSharp.Control.Tasks.TaskBuilder/Step`1<FSharp.Control.Websockets.TPL.WebSocket/ReceiveUTF8Result> FSharp.Control.Websockets.TPL.WebSocket/receiveMessageAsUTF8@102-1::Invoke(System.IO.MemoryStream)
FNDA:4,FSharp.Control.Tasks.TaskBuilder/Step`1<FSharp.Control.Websockets.TPL.WebSocket/ReceiveUTF8Result> FSharp.Control.Websockets.TPL.WebSocket/receiveMessageAsUTF8@96::Invoke(Microsoft.FSharp.Core.Unit)
FNDA:0,System.IO.MemoryStream FSharp.Control.Websockets.TPL.Stream::MemoryStream.UTF8toMemoryStream.Static(System.String)
FNDA:4,System.String FSharp.Control.Websockets.TPL.Stream::MemoryStream.ToUTF8String.Static(System.IO.MemoryStream)
FNDA:0,System.String FSharp.Control.Websockets.TPL.Stream::MemoryStream.ToUTF8String(System.IO.MemoryStream)
FNF:90
FNH:73
BRDA:219,2,0,4
BRDA:219,2,1,6
BRDA:52,2,0,4
BRDA:52,2,1,6
BRDA:77,6,0,-
BRDA:77,6,1,8
BRDA:77,8,0,-
BRDA:77,8,1,8
BRDA:82,10,0,-
BRDA:82,10,1,8
BRF:10
BRH:7
DA:163,2
DA:179,2
DA:149,2
DA:150,2
DA:185,2
DA:186,2
DA:188,2
DA:194,2
DA:201,2
DA:206,2
DA:213,2
DA:223,1
DA:230,1
DA:139,0
DA:142,0
DA:145,0
DA:136,2
DA:170,2
DA:170,2
DA:170,0
DA:170,2
DA:170,2
DA:173,1
DA:173,1
DA:173,0
DA:173,1
DA:173,1
DA:176,1
DA:176,1
DA:176,0
DA:176,1
DA:176,1
DA:170,2
DA:172,1
DA:173,1
DA:175,1
DA:176,1
DA:167,4
DA:164,2
DA:166,2
DA:180,4
DA:182,2
DA:182,2
DA:182,0
DA:182,2
DA:182,2
DA:182,2
DA:181,4
DA:180,2
DA:185,2
DA:186,2
DA:198,2
DA:195,2
DA:196,2
DA:197,2
DA:203,2
DA:202,2
DA:210,2
DA:207,2
DA:208,2
DA:209,2
DA:219,0
DA:218,0
DA:217,2
DA:215,2
DA:214,2
DA:227,1
DA:224,1
DA:225,1
DA:226,1
DA:234,1
DA:231,1
DA:232,1
DA:233,1
DA:36,0
DA:38,1
DA:42,1
DA:47,4
DA:59,2
DA:69,6
DA:95,4
DA:39,1
DA:39,1
DA:43,0
DA:43,1
DA:53,0
DA:56,0
DA:52,8
DA:53,4
DA:55,4
DA:56,4
DA:51,8
DA:48,4
DA:49,4
DA:50,4
DA:61,2
DA:61,2
DA:60,2
DA:73,16
DA:77,0
DA:83,0
DA:83,0
DA:84,0
DA:84,8
DA:77,2
DA:82,8
DA:82,8
DA:83,0
DA:82,8
DA:74,10
DA:88,6
DA:70,6
DA:71,6
DA:72,6
DA:73,6
DA:107,2
DA:105,2
DA:102,4
DA:96,4
DA:10,0
DA:13,4
DA:14,4
DA:19,0
LH:103
LF:123
end_of_record
